{"/home/travis/build/npmtest/node-npmtest-revalidator/test.js":{"path":"/home/travis/build/npmtest/node-npmtest-revalidator/test.js","s":{"1":2,"2":2,"3":2,"4":2,"5":2,"6":2,"7":2,"8":1,"9":2,"10":2,"11":1,"12":1,"13":1,"14":1,"15":2,"16":2,"17":2,"18":2,"19":1,"20":1,"21":2,"22":2,"23":2,"24":1,"25":1,"26":1,"27":1,"28":1,"29":1,"30":1,"31":1,"32":1,"33":1,"34":1,"35":1,"36":1,"37":1,"38":1,"39":2,"40":2,"41":1,"42":2,"43":2,"44":1,"45":2,"46":2,"47":1,"48":2,"49":2,"50":1,"51":1,"52":1,"53":1,"54":1},"b":{"1":[2,1,1,1],"2":[1,1,1,1],"3":[1,1],"4":[1,1],"5":[1,1],"6":[1,1],"7":[1,1],"8":[1,1],"9":[1,1],"10":[1,1,1],"11":[1,1],"12":[1,1],"13":[1,1],"14":[1,1],"15":[1,1],"16":[1,1],"17":[1,1]},"f":{"1":2,"2":2,"3":2,"4":2,"5":2,"6":1,"7":1,"8":1,"9":2,"10":2,"11":2,"12":2,"13":1},"fnMap":{"1":{"name":"(anonymous_1)","line":12,"loc":{"start":{"line":12,"column":1},"end":{"line":12,"column":13}}},"2":{"name":"(anonymous_2)","line":19,"loc":{"start":{"line":19,"column":5},"end":{"line":19,"column":17}}},"3":{"name":"(anonymous_3)","line":23,"loc":{"start":{"line":23,"column":24},"end":{"line":23,"column":36}}},"4":{"name":"(anonymous_4)","line":61,"loc":{"start":{"line":61,"column":5},"end":{"line":61,"column":17}}},"5":{"name":"(anonymous_5)","line":82,"loc":{"start":{"line":82,"column":5},"end":{"line":82,"column":17}}},"6":{"name":"(anonymous_6)","line":91,"loc":{"start":{"line":91,"column":77},"end":{"line":94,"column":10}}},"7":{"name":"(anonymous_7)","line":112,"loc":{"start":{"line":112,"column":83},"end":{"line":115,"column":10}},"skip":true},"8":{"name":"(anonymous_8)","line":123,"loc":{"start":{"line":123,"column":77},"end":{"line":126,"column":10}},"skip":true},"9":{"name":"(anonymous_9)","line":139,"loc":{"start":{"line":139,"column":12},"end":{"line":139,"column":40}},"skip":true},"10":{"name":"(anonymous_10)","line":147,"loc":{"start":{"line":147,"column":77},"end":{"line":150,"column":10}},"skip":true},"11":{"name":"(anonymous_11)","line":158,"loc":{"start":{"line":158,"column":83},"end":{"line":161,"column":10}},"skip":true},"12":{"name":"(anonymous_12)","line":169,"loc":{"start":{"line":169,"column":79},"end":{"line":172,"column":10}},"skip":true},"13":{"name":"(anonymous_13)","line":180,"loc":{"start":{"line":180,"column":75},"end":{"line":183,"column":10}},"skip":true}},"statementMap":{"1":{"start":{"line":12,"column":0},"end":{"line":195,"column":5}},"2":{"start":{"line":14,"column":4},"end":{"line":14,"column":14}},"3":{"start":{"line":19,"column":4},"end":{"line":56,"column":9}},"4":{"start":{"line":21,"column":8},"end":{"line":21,"column":19}},"5":{"start":{"line":23,"column":8},"end":{"line":35,"column":13}},"6":{"start":{"line":24,"column":12},"end":{"line":34,"column":13}},"7":{"start":{"line":25,"column":16},"end":{"line":28,"column":30}},"8":{"start":{"line":30,"column":16},"end":{"line":33,"column":27}},"9":{"start":{"line":37,"column":8},"end":{"line":39,"column":21}},"10":{"start":{"line":40,"column":8},"end":{"line":53,"column":9}},"11":{"start":{"line":43,"column":12},"end":{"line":46,"column":14}},"12":{"start":{"line":47,"column":12},"end":{"line":47,"column":18}},"13":{"start":{"line":50,"column":12},"end":{"line":51,"column":33}},"14":{"start":{"line":52,"column":12},"end":{"line":52,"column":18}},"15":{"start":{"line":55,"column":8},"end":{"line":55,"column":35}},"16":{"start":{"line":61,"column":4},"end":{"line":63,"column":9}},"17":{"start":{"line":62,"column":8},"end":{"line":62,"column":15}},"18":{"start":{"line":64,"column":4},"end":{"line":77,"column":5}},"19":{"start":{"line":70,"column":8},"end":{"line":70,"column":14}},"20":{"start":{"line":76,"column":8},"end":{"line":76,"column":14}},"21":{"start":{"line":82,"column":4},"end":{"line":84,"column":9}},"22":{"start":{"line":83,"column":8},"end":{"line":83,"column":15}},"23":{"start":{"line":85,"column":4},"end":{"line":194,"column":5}},"24":{"start":{"line":91,"column":8},"end":{"line":99,"column":10}},"25":{"start":{"line":98,"column":12},"end":{"line":98,"column":35}},"26":{"start":{"line":102,"column":8},"end":{"line":104,"column":63}},"27":{"start":{"line":105,"column":8},"end":{"line":105,"column":14}},"28":{"start":{"line":112,"column":8},"end":{"line":121,"column":10},"skip":true},"29":{"start":{"line":119,"column":12},"end":{"line":119,"column":55},"skip":true},"30":{"start":{"line":120,"column":12},"end":{"line":120,"column":48},"skip":true},"31":{"start":{"line":123,"column":8},"end":{"line":136,"column":10},"skip":true},"32":{"start":{"line":130,"column":12},"end":{"line":130,"column":76},"skip":true},"33":{"start":{"line":131,"column":12},"end":{"line":131,"column":73},"skip":true},"34":{"start":{"line":132,"column":12},"end":{"line":132,"column":74},"skip":true},"35":{"start":{"line":133,"column":12},"end":{"line":133,"column":79},"skip":true},"36":{"start":{"line":134,"column":12},"end":{"line":134,"column":25},"skip":true},"37":{"start":{"line":135,"column":12},"end":{"line":135,"column":45},"skip":true},"38":{"start":{"line":138,"column":8},"end":{"line":145,"column":14},"skip":true},"39":{"start":{"line":143,"column":16},"end":{"line":143,"column":29},"skip":true},"40":{"start":{"line":144,"column":16},"end":{"line":144,"column":55},"skip":true},"41":{"start":{"line":147,"column":8},"end":{"line":156,"column":10},"skip":true},"42":{"start":{"line":154,"column":12},"end":{"line":154,"column":25},"skip":true},"43":{"start":{"line":155,"column":12},"end":{"line":155,"column":45},"skip":true},"44":{"start":{"line":158,"column":8},"end":{"line":167,"column":10},"skip":true},"45":{"start":{"line":165,"column":12},"end":{"line":165,"column":25},"skip":true},"46":{"start":{"line":166,"column":12},"end":{"line":166,"column":48},"skip":true},"47":{"start":{"line":169,"column":8},"end":{"line":178,"column":10},"skip":true},"48":{"start":{"line":176,"column":12},"end":{"line":176,"column":25},"skip":true},"49":{"start":{"line":177,"column":12},"end":{"line":177,"column":46},"skip":true},"50":{"start":{"line":180,"column":8},"end":{"line":189,"column":10},"skip":true},"51":{"start":{"line":187,"column":12},"end":{"line":187,"column":94},"skip":true},"52":{"start":{"line":188,"column":12},"end":{"line":188,"column":48},"skip":true},"53":{"start":{"line":192,"column":8},"end":{"line":192,"column":35},"skip":true},"54":{"start":{"line":193,"column":8},"end":{"line":193,"column":14},"skip":true}},"branchMap":{"1":{"line":25,"type":"binary-expr","locations":[{"start":{"line":25,"column":23},"end":{"line":25,"column":62}},{"start":{"line":26,"column":20},"end":{"line":26,"column":70}},{"start":{"line":27,"column":20},"end":{"line":27,"column":71}},{"start":{"line":28,"column":20},"end":{"line":28,"column":29}}]},"2":{"line":30,"type":"binary-expr","locations":[{"start":{"line":30,"column":23},"end":{"line":30,"column":37}},{"start":{"line":31,"column":20},"end":{"line":31,"column":61}},{"start":{"line":32,"column":20},"end":{"line":32,"column":70}},{"start":{"line":33,"column":20},"end":{"line":33,"column":26}}]},"3":{"line":37,"type":"cond-expr","locations":[{"start":{"line":38,"column":14},"end":{"line":38,"column":20}},{"start":{"line":39,"column":14},"end":{"line":39,"column":20}}]},"4":{"line":40,"type":"switch","locations":[{"start":{"line":42,"column":8},"end":{"line":47,"column":18}},{"start":{"line":49,"column":8},"end":{"line":52,"column":18}}]},"5":{"line":44,"type":"binary-expr","locations":[{"start":{"line":44,"column":16},"end":{"line":44,"column":44}},{"start":{"line":44,"column":48},"end":{"line":44,"column":66}}]},"6":{"line":50,"type":"binary-expr","locations":[{"start":{"line":50,"column":21},"end":{"line":50,"column":49}},{"start":{"line":50,"column":53},"end":{"line":50,"column":72}}]},"7":{"line":64,"type":"switch","locations":[{"start":{"line":69,"column":4},"end":{"line":70,"column":14}},{"start":{"line":75,"column":4},"end":{"line":76,"column":14}}]},"8":{"line":85,"type":"switch","locations":[{"start":{"line":90,"column":4},"end":{"line":105,"column":14}},{"start":{"line":111,"column":4},"end":{"line":193,"column":14},"skip":true}]},"9":{"line":91,"type":"binary-expr","locations":[{"start":{"line":91,"column":42},"end":{"line":91,"column":73}},{"start":{"line":91,"column":77},"end":{"line":99,"column":9}}]},"10":{"line":102,"type":"binary-expr","locations":[{"start":{"line":102,"column":18},"end":{"line":102,"column":32}},{"start":{"line":103,"column":12},"end":{"line":103,"column":53}},{"start":{"line":104,"column":12},"end":{"line":104,"column":61}}]},"11":{"line":112,"type":"binary-expr","locations":[{"start":{"line":112,"column":45},"end":{"line":112,"column":79},"skip":true},{"start":{"line":112,"column":83},"end":{"line":121,"column":9},"skip":true}]},"12":{"line":123,"type":"binary-expr","locations":[{"start":{"line":123,"column":42},"end":{"line":123,"column":73},"skip":true},{"start":{"line":123,"column":77},"end":{"line":136,"column":9},"skip":true}]},"13":{"line":138,"type":"binary-expr","locations":[{"start":{"line":138,"column":48},"end":{"line":138,"column":85},"skip":true},{"start":{"line":139,"column":12},"end":{"line":145,"column":13},"skip":true}]},"14":{"line":147,"type":"binary-expr","locations":[{"start":{"line":147,"column":42},"end":{"line":147,"column":73},"skip":true},{"start":{"line":147,"column":77},"end":{"line":156,"column":9},"skip":true}]},"15":{"line":158,"type":"binary-expr","locations":[{"start":{"line":158,"column":45},"end":{"line":158,"column":79},"skip":true},{"start":{"line":158,"column":83},"end":{"line":167,"column":9},"skip":true}]},"16":{"line":169,"type":"binary-expr","locations":[{"start":{"line":169,"column":43},"end":{"line":169,"column":75},"skip":true},{"start":{"line":169,"column":79},"end":{"line":178,"column":9},"skip":true}]},"17":{"line":180,"type":"binary-expr","locations":[{"start":{"line":180,"column":41},"end":{"line":180,"column":71},"skip":true},{"start":{"line":180,"column":75},"end":{"line":189,"column":9},"skip":true}]}},"code":["/* istanbul instrument in package npmtest_revalidator */","/*jslint","    bitwise: true,","    browser: true,","    maxerr: 8,","    maxlen: 96,","    node: true,","    nomen: true,","    regexp: true,","    stupid: true","*/","(function () {","    'use strict';","    var local;","","","","    // run shared js-env code - pre-init","    (function () {","        // init local","        local = {};","        // init modeJs","        local.modeJs = (function () {","            try {","                return typeof navigator.userAgent === 'string' &&","                    typeof document.querySelector('body') === 'object' &&","                    typeof XMLHttpRequest.prototype.open === 'function' &&","                    'browser';","            } catch (errorCaughtBrowser) {","                return module.exports &&","                    typeof process.versions.node === 'string' &&","                    typeof require('http').createServer === 'function' &&","                    'node';","            }","        }());","        // init global","        local.global = local.modeJs === 'browser'","            ? window","            : global;","        switch (local.modeJs) {","        // re-init local from window.local","        case 'browser':","            local = local.global.utility2.objectSetDefault(","                local.global.utility2_rollup || local.global.local,","                local.global.utility2","            );","            break;","        // re-init local from example.js","        case 'node':","            local = (local.global.utility2_rollup || require('utility2'))","                .requireReadme();","            break;","        }","        // export local","        local.global.local = local;","    }());","","","","    // run shared js-env code - function","    (function () {","        return;","    }());","    switch (local.modeJs) {","","","","    // run browser js-env code - function","    case 'browser':","        break;","","","","    // run node js-env code - function","    case 'node':","        break;","    }","","","","    // run shared js-env code - post-init","    (function () {","        return;","    }());","    switch (local.modeJs) {","","","","    // run browser js-env code - post-init","    case 'browser':","        local.testCase_browser_nullCase = local.testCase_browser_nullCase || function (","            options,","            onError","        ) {","        /*","         * this function will test browsers's null-case handling-behavior-behavior","         */","            onError(null, options);","        };","","        // run tests","        local.nop(local.modeTest &&","            document.querySelector('#testRunButton1') &&","            document.querySelector('#testRunButton1').click());","        break;","","","","    // run node js-env code - post-init","    /* istanbul ignore next */","    case 'node':","        local.testCase_buildApidoc_default = local.testCase_buildApidoc_default || function (","            options,","            onError","        ) {","        /*","         * this function will test buildApidoc's default handling-behavior-behavior","         */","            options = { modulePathList: module.paths };","            local.buildApidoc(options, onError);","        };","","        local.testCase_buildApp_default = local.testCase_buildApp_default || function (","            options,","            onError","        ) {","        /*","         * this function will test buildApp's default handling-behavior-behavior","         */","            local.testCase_buildReadme_default(options, local.onErrorThrow);","            local.testCase_buildLib_default(options, local.onErrorThrow);","            local.testCase_buildTest_default(options, local.onErrorThrow);","            local.testCase_buildCustomOrg_default(options, local.onErrorThrow);","            options = [];","            local.buildApp(options, onError);","        };","","        local.testCase_buildCustomOrg_default = local.testCase_buildCustomOrg_default ||","            function (options, onError) {","            /*","             * this function will test buildCustomOrg's default handling-behavior","             */","                options = {};","                local.buildCustomOrg(options, onError);","            };","","        local.testCase_buildLib_default = local.testCase_buildLib_default || function (","            options,","            onError","        ) {","        /*","         * this function will test buildLib's default handling-behavior","         */","            options = {};","            local.buildLib(options, onError);","        };","","        local.testCase_buildReadme_default = local.testCase_buildReadme_default || function (","            options,","            onError","        ) {","        /*","         * this function will test buildReadme's default handling-behavior-behavior","         */","            options = {};","            local.buildReadme(options, onError);","        };","","        local.testCase_buildTest_default = local.testCase_buildTest_default || function (","            options,","            onError","        ) {","        /*","         * this function will test buildTest's default handling-behavior","         */","            options = {};","            local.buildTest(options, onError);","        };","","        local.testCase_webpage_default = local.testCase_webpage_default || function (","            options,","            onError","        ) {","        /*","         * this function will test webpage's default handling-behavior","         */","            options = { modeCoverageMerge: true, url: local.serverLocalHost + '?modeTest=1' };","            local.browserTest(options, onError);","        };","","        // run test-server","        local.testRunServer(local);","        break;","    }","}());",""],"l":{"12":2,"14":2,"19":2,"21":2,"23":2,"24":2,"25":2,"30":1,"37":2,"40":2,"43":1,"47":1,"50":1,"52":1,"55":2,"61":2,"62":2,"64":2,"70":1,"76":1,"82":2,"83":2,"85":2,"91":1,"98":1,"102":1,"105":1,"112":1,"119":1,"120":1,"123":1,"130":1,"131":1,"132":1,"133":1,"134":1,"135":1,"138":1,"143":2,"144":2,"147":1,"154":2,"155":2,"158":1,"165":2,"166":2,"169":1,"176":2,"177":2,"180":1,"187":1,"188":1,"192":1,"193":1}},"/home/travis/build/npmtest/node-npmtest-revalidator/lib.npmtest_revalidator.js":{"path":"/home/travis/build/npmtest/node-npmtest-revalidator/lib.npmtest_revalidator.js","s":{"1":2,"2":2,"3":2,"4":2,"5":2,"6":2,"7":2,"8":1,"9":2,"10":2,"11":2,"12":2,"13":1,"14":1,"15":1,"16":1},"b":{"1":[2,1,1,1],"2":[1,1,1,1],"3":[1,1],"4":[2,2],"5":[1,1]},"f":{"1":2,"2":2,"3":2},"fnMap":{"1":{"name":"(anonymous_1)","line":12,"loc":{"start":{"line":12,"column":1},"end":{"line":12,"column":13}}},"2":{"name":"(anonymous_2)","line":19,"loc":{"start":{"line":19,"column":5},"end":{"line":19,"column":17}}},"3":{"name":"(anonymous_3)","line":23,"loc":{"start":{"line":23,"column":24},"end":{"line":23,"column":36}}}},"statementMap":{"1":{"start":{"line":12,"column":0},"end":{"line":53,"column":5}},"2":{"start":{"line":14,"column":4},"end":{"line":14,"column":14}},"3":{"start":{"line":19,"column":4},"end":{"line":52,"column":9}},"4":{"start":{"line":21,"column":8},"end":{"line":21,"column":19}},"5":{"start":{"line":23,"column":8},"end":{"line":35,"column":13}},"6":{"start":{"line":24,"column":12},"end":{"line":34,"column":13}},"7":{"start":{"line":25,"column":16},"end":{"line":28,"column":30}},"8":{"start":{"line":30,"column":16},"end":{"line":33,"column":27}},"9":{"start":{"line":37,"column":8},"end":{"line":39,"column":21}},"10":{"start":{"line":41,"column":8},"end":{"line":41,"column":54}},"11":{"start":{"line":43,"column":8},"end":{"line":43,"column":56}},"12":{"start":{"line":45,"column":8},"end":{"line":51,"column":9}},"13":{"start":{"line":46,"column":12},"end":{"line":46,"column":62}},"14":{"start":{"line":48,"column":12},"end":{"line":48,"column":35}},"15":{"start":{"line":49,"column":12},"end":{"line":49,"column":49}},"16":{"start":{"line":50,"column":12},"end":{"line":50,"column":43}}},"branchMap":{"1":{"line":25,"type":"binary-expr","locations":[{"start":{"line":25,"column":23},"end":{"line":25,"column":62}},{"start":{"line":26,"column":20},"end":{"line":26,"column":70}},{"start":{"line":27,"column":20},"end":{"line":27,"column":71}},{"start":{"line":28,"column":20},"end":{"line":28,"column":29}}]},"2":{"line":30,"type":"binary-expr","locations":[{"start":{"line":30,"column":23},"end":{"line":30,"column":37}},{"start":{"line":31,"column":20},"end":{"line":31,"column":61}},{"start":{"line":32,"column":20},"end":{"line":32,"column":70}},{"start":{"line":33,"column":20},"end":{"line":33,"column":26}}]},"3":{"line":37,"type":"cond-expr","locations":[{"start":{"line":38,"column":14},"end":{"line":38,"column":20}},{"start":{"line":39,"column":14},"end":{"line":39,"column":20}}]},"4":{"line":41,"type":"binary-expr","locations":[{"start":{"line":41,"column":16},"end":{"line":41,"column":44}},{"start":{"line":41,"column":48},"end":{"line":41,"column":53}}]},"5":{"line":45,"type":"if","locations":[{"start":{"line":45,"column":8},"end":{"line":45,"column":8}},{"start":{"line":45,"column":8},"end":{"line":45,"column":8}}]}},"code":["/* istanbul instrument in package npmtest_revalidator */","/*jslint","    bitwise: true,","    browser: true,","    maxerr: 8,","    maxlen: 96,","    node: true,","    nomen: true,","    regexp: true,","    stupid: true","*/","(function () {","    'use strict';","    var local;","","","","    // run shared js-env code - pre-init","    (function () {","        // init local","        local = {};","        // init modeJs","        local.modeJs = (function () {","            try {","                return typeof navigator.userAgent === 'string' &&","                    typeof document.querySelector('body') === 'object' &&","                    typeof XMLHttpRequest.prototype.open === 'function' &&","                    'browser';","            } catch (errorCaughtBrowser) {","                return module.exports &&","                    typeof process.versions.node === 'string' &&","                    typeof require('http').createServer === 'function' &&","                    'node';","            }","        }());","        // init global","        local.global = local.modeJs === 'browser'","            ? window","            : global;","        // init utility2_rollup","        local = local.global.utility2_rollup || local;","        // init lib","        local.local = local.npmtest_revalidator = local;","        // init exports","        if (local.modeJs === 'browser') {","            local.global.utility2_npmtest_revalidator = local;","        } else {","            module.exports = local;","            module.exports.__dirname = __dirname;","            module.exports.module = module;","        }","    }());","}());",""],"l":{"12":2,"14":2,"19":2,"21":2,"23":2,"24":2,"25":2,"30":1,"37":2,"41":2,"43":2,"45":2,"46":1,"48":1,"49":1,"50":1}},"/home/travis/build/npmtest/node-npmtest-revalidator/example.js":{"path":"/home/travis/build/npmtest/node-npmtest-revalidator/example.js","s":{"1":2,"2":2,"3":2,"4":2,"5":2,"6":2,"7":2,"8":1,"9":2,"10":2,"11":2,"12":2,"13":1,"14":2,"15":2,"16":2,"17":2,"18":2,"19":0,"20":2,"21":1,"22":1,"23":1,"24":1,"25":1,"26":0,"27":0,"28":1,"29":1,"30":2,"31":0,"32":0,"33":0,"34":1,"35":2,"36":2,"37":3,"38":3,"39":3,"40":3,"41":0,"42":3,"43":3,"44":3,"45":1,"46":3,"47":1,"48":1,"49":1,"50":1,"51":1,"52":1,"53":1,"54":1,"55":1,"56":1,"57":0,"58":1,"59":6,"60":6,"61":1,"62":2,"63":0,"64":2,"65":1,"66":1,"67":0,"68":0,"69":0,"70":0,"71":0,"72":0,"73":0,"74":0,"75":0,"76":0,"77":0,"78":0,"79":0,"80":0,"81":0,"82":0,"83":0},"b":{"1":[2,1,1,1],"2":[1,1,1,1],"3":[1,1],"4":[2,2],"5":[1,1],"6":[1,1],"7":[2,0],"8":[2,1,1,1,1,1],"9":[0,2,0],"10":[1,1],"11":[2,1,1],"12":[1,0],"13":[0,2],"14":[2,0,0,0,0,0,0],"15":[0,3],"16":[3,0],"17":[1,1],"18":[0,1],"19":[1,2,0,2],"20":[1,0],"21":[1,1],"22":[0,0],"23":[0,0],"24":[0,0],"25":[0,0],"26":[0,0],"27":[0,0],"28":[0,0]},"f":{"1":2,"2":2,"3":2,"4":2,"5":2,"6":2,"7":3,"8":3,"9":3,"10":1,"11":6,"12":0},"fnMap":{"1":{"name":"(anonymous_1)","line":26,"loc":{"start":{"line":26,"column":1},"end":{"line":26,"column":13}}},"2":{"name":"(anonymous_2)","line":33,"loc":{"start":{"line":33,"column":5},"end":{"line":33,"column":17}}},"3":{"name":"(anonymous_3)","line":37,"loc":{"start":{"line":37,"column":24},"end":{"line":37,"column":36}}},"4":{"name":"(anonymous_4)","line":69,"loc":{"start":{"line":69,"column":31},"end":{"line":69,"column":48}},"skip":true},"5":{"name":"(anonymous_5)","line":78,"loc":{"start":{"line":78,"column":26},"end":{"line":78,"column":45}},"skip":true},"6":{"name":"(anonymous_6)","line":123,"loc":{"start":{"line":123,"column":33},"end":{"line":123,"column":48}},"skip":true},"7":{"name":"(anonymous_7)","line":125,"loc":{"start":{"line":125,"column":27},"end":{"line":125,"column":39}},"skip":true},"8":{"name":"(anonymous_8)","line":133,"loc":{"start":{"line":133,"column":59},"end":{"line":133,"column":74}},"skip":true},"9":{"name":"(anonymous_9)","line":143,"loc":{"start":{"line":143,"column":45},"end":{"line":143,"column":62}},"skip":true},"10":{"name":"(anonymous_10)","line":144,"loc":{"start":{"line":144,"column":73},"end":{"line":144,"column":92}},"skip":true},"11":{"name":"(anonymous_11)","line":272,"loc":{"start":{"line":272,"column":51},"end":{"line":272,"column":77}},"skip":true},"12":{"name":"(anonymous_12)","line":315,"loc":{"start":{"line":315,"column":32},"end":{"line":315,"column":61}},"skip":true}},"statementMap":{"1":{"start":{"line":26,"column":0},"end":{"line":326,"column":5}},"2":{"start":{"line":28,"column":4},"end":{"line":28,"column":14}},"3":{"start":{"line":33,"column":4},"end":{"line":60,"column":9}},"4":{"start":{"line":35,"column":8},"end":{"line":35,"column":19}},"5":{"start":{"line":37,"column":8},"end":{"line":49,"column":13}},"6":{"start":{"line":38,"column":12},"end":{"line":48,"column":13}},"7":{"start":{"line":39,"column":16},"end":{"line":42,"column":30}},"8":{"start":{"line":44,"column":16},"end":{"line":47,"column":27}},"9":{"start":{"line":51,"column":8},"end":{"line":53,"column":21}},"10":{"start":{"line":55,"column":8},"end":{"line":57,"column":45}},"11":{"start":{"line":59,"column":8},"end":{"line":59,"column":35}},"12":{"start":{"line":61,"column":4},"end":{"line":325,"column":5}},"13":{"start":{"line":69,"column":8},"end":{"line":121,"column":10},"skip":true},"14":{"start":{"line":70,"column":12},"end":{"line":88,"column":13},"skip":true},"15":{"start":{"line":76,"column":16},"end":{"line":87,"column":19},"skip":true},"16":{"start":{"line":79,"column":20},"end":{"line":86,"column":21},"skip":true},"17":{"start":{"line":82,"column":24},"end":{"line":82,"column":43},"skip":true},"18":{"start":{"line":83,"column":24},"end":{"line":83,"column":30},"skip":true},"19":{"start":{"line":85,"column":24},"end":{"line":85,"column":49},"skip":true},"20":{"start":{"line":89,"column":12},"end":{"line":107,"column":13},"skip":true},"21":{"start":{"line":92,"column":16},"end":{"line":102,"column":17},"skip":true},"22":{"start":{"line":93,"column":20},"end":{"line":93,"column":86},"skip":true},"23":{"start":{"line":94,"column":20},"end":{"line":95,"column":45},"skip":true},"24":{"start":{"line":96,"column":20},"end":{"line":96,"column":42},"skip":true},"25":{"start":{"line":97,"column":20},"end":{"line":97,"column":48},"skip":true},"26":{"start":{"line":100,"column":20},"end":{"line":100,"column":85},"skip":true},"27":{"start":{"line":101,"column":20},"end":{"line":101,"column":96},"skip":true},"28":{"start":{"line":103,"column":16},"end":{"line":103,"column":22},"skip":true},"29":{"start":{"line":106,"column":16},"end":{"line":106,"column":22},"skip":true},"30":{"start":{"line":108,"column":12},"end":{"line":120,"column":13},"skip":true},"31":{"start":{"line":114,"column":16},"end":{"line":119,"column":17},"skip":true},"32":{"start":{"line":116,"column":20},"end":{"line":116,"column":78},"skip":true},"33":{"start":{"line":118,"column":20},"end":{"line":118,"column":47},"skip":true},"34":{"start":{"line":123,"column":8},"end":{"line":141,"column":11},"skip":true},"35":{"start":{"line":124,"column":12},"end":{"line":124,"column":54},"skip":true},"36":{"start":{"line":125,"column":12},"end":{"line":140,"column":14},"skip":true},"37":{"start":{"line":126,"column":16},"end":{"line":126,"column":28},"skip":true},"38":{"start":{"line":127,"column":16},"end":{"line":127,"column":69},"skip":true},"39":{"start":{"line":128,"column":16},"end":{"line":128,"column":75},"skip":true},"40":{"start":{"line":129,"column":16},"end":{"line":131,"column":17},"skip":true},"41":{"start":{"line":130,"column":20},"end":{"line":130,"column":27},"skip":true},"42":{"start":{"line":133,"column":16},"end":{"line":137,"column":36},"skip":true},"43":{"start":{"line":134,"column":20},"end":{"line":136,"column":55},"skip":true},"44":{"start":{"line":139,"column":16},"end":{"line":139,"column":57},"skip":true},"45":{"start":{"line":143,"column":8},"end":{"line":147,"column":11},"skip":true},"46":{"start":{"line":144,"column":12},"end":{"line":146,"column":15},"skip":true},"47":{"start":{"line":145,"column":16},"end":{"line":145,"column":70},"skip":true},"48":{"start":{"line":149,"column":8},"end":{"line":149,"column":31},"skip":true},"49":{"start":{"line":150,"column":8},"end":{"line":150,"column":14},"skip":true},"50":{"start":{"line":158,"column":8},"end":{"line":158,"column":31},"skip":true},"51":{"start":{"line":160,"column":8},"end":{"line":160,"column":33},"skip":true},"52":{"start":{"line":161,"column":8},"end":{"line":161,"column":37},"skip":true},"53":{"start":{"line":162,"column":8},"end":{"line":162,"column":35},"skip":true},"54":{"start":{"line":164,"column":8},"end":{"line":164,"column":50},"skip":true},"55":{"start":{"line":166,"column":8},"end":{"line":256,"column":2},"skip":true},"56":{"start":{"line":258,"column":8},"end":{"line":286,"column":9},"skip":true},"57":{"start":{"line":259,"column":12},"end":{"line":269,"column":14},"skip":true},"58":{"start":{"line":271,"column":12},"end":{"line":285,"column":19},"skip":true},"59":{"start":{"line":274,"column":20},"end":{"line":274,"column":35},"skip":true},"60":{"start":{"line":275,"column":20},"end":{"line":284,"column":21},"skip":true},"61":{"start":{"line":277,"column":24},"end":{"line":277,"column":64},"skip":true},"62":{"start":{"line":279,"column":24},"end":{"line":279,"column":40},"skip":true},"63":{"start":{"line":281,"column":24},"end":{"line":281,"column":40},"skip":true},"64":{"start":{"line":283,"column":24},"end":{"line":283,"column":39},"skip":true},"65":{"start":{"line":288,"column":8},"end":{"line":290,"column":9},"skip":true},"66":{"start":{"line":289,"column":12},"end":{"line":289,"column":18},"skip":true},"67":{"start":{"line":291,"column":8},"end":{"line":293,"column":54},"skip":true},"68":{"start":{"line":296,"column":8},"end":{"line":301,"column":37},"skip":true},"69":{"start":{"line":303,"column":8},"end":{"line":303,"column":82},"skip":true},"70":{"start":{"line":306,"column":8},"end":{"line":308,"column":9},"skip":true},"71":{"start":{"line":307,"column":12},"end":{"line":307,"column":82},"skip":true},"72":{"start":{"line":310,"column":8},"end":{"line":312,"column":9},"skip":true},"73":{"start":{"line":311,"column":12},"end":{"line":311,"column":18},"skip":true},"74":{"start":{"line":313,"column":8},"end":{"line":313,"column":54},"skip":true},"75":{"start":{"line":314,"column":8},"end":{"line":314,"column":69},"skip":true},"76":{"start":{"line":315,"column":8},"end":{"line":323,"column":36},"skip":true},"77":{"start":{"line":316,"column":12},"end":{"line":316,"column":61},"skip":true},"78":{"start":{"line":317,"column":12},"end":{"line":320,"column":13},"skip":true},"79":{"start":{"line":318,"column":16},"end":{"line":318,"column":75},"skip":true},"80":{"start":{"line":319,"column":16},"end":{"line":319,"column":23},"skip":true},"81":{"start":{"line":321,"column":12},"end":{"line":321,"column":38},"skip":true},"82":{"start":{"line":322,"column":12},"end":{"line":322,"column":27},"skip":true},"83":{"start":{"line":324,"column":8},"end":{"line":324,"column":14},"skip":true}},"branchMap":{"1":{"line":39,"type":"binary-expr","locations":[{"start":{"line":39,"column":23},"end":{"line":39,"column":62}},{"start":{"line":40,"column":20},"end":{"line":40,"column":70}},{"start":{"line":41,"column":20},"end":{"line":41,"column":71}},{"start":{"line":42,"column":20},"end":{"line":42,"column":29}}]},"2":{"line":44,"type":"binary-expr","locations":[{"start":{"line":44,"column":23},"end":{"line":44,"column":37}},{"start":{"line":45,"column":20},"end":{"line":45,"column":61}},{"start":{"line":46,"column":20},"end":{"line":46,"column":70}},{"start":{"line":47,"column":20},"end":{"line":47,"column":26}}]},"3":{"line":51,"type":"cond-expr","locations":[{"start":{"line":52,"column":14},"end":{"line":52,"column":20}},{"start":{"line":53,"column":14},"end":{"line":53,"column":20}}]},"4":{"line":55,"type":"binary-expr","locations":[{"start":{"line":55,"column":16},"end":{"line":55,"column":44}},{"start":{"line":55,"column":49},"end":{"line":57,"column":43}}]},"5":{"line":55,"type":"cond-expr","locations":[{"start":{"line":56,"column":14},"end":{"line":56,"column":55}},{"start":{"line":57,"column":14},"end":{"line":57,"column":43}}]},"6":{"line":61,"type":"switch","locations":[{"start":{"line":68,"column":4},"end":{"line":150,"column":14},"skip":true},{"start":{"line":156,"column":4},"end":{"line":324,"column":14},"skip":true}]},"7":{"line":70,"type":"if","locations":[{"start":{"line":70,"column":12},"end":{"line":70,"column":12},"skip":true},{"start":{"line":70,"column":12},"end":{"line":70,"column":12},"skip":true}]},"8":{"line":70,"type":"binary-expr","locations":[{"start":{"line":70,"column":16},"end":{"line":70,"column":22},"skip":true},{"start":{"line":70,"column":27},"end":{"line":70,"column":32},"skip":true},{"start":{"line":71,"column":20},"end":{"line":71,"column":39},"skip":true},{"start":{"line":72,"column":20},"end":{"line":72,"column":49},"skip":true},{"start":{"line":73,"column":20},"end":{"line":73,"column":58},"skip":true},{"start":{"line":74,"column":20},"end":{"line":74,"column":69},"skip":true}]},"9":{"line":79,"type":"switch","locations":[{"start":{"line":80,"column":20},"end":{"line":80,"column":33},"skip":true},{"start":{"line":81,"column":20},"end":{"line":83,"column":30},"skip":true},{"start":{"line":84,"column":20},"end":{"line":85,"column":49},"skip":true}]},"10":{"line":89,"type":"switch","locations":[{"start":{"line":90,"column":12},"end":{"line":103,"column":22},"skip":true},{"start":{"line":105,"column":12},"end":{"line":106,"column":22},"skip":true}]},"11":{"line":89,"type":"binary-expr","locations":[{"start":{"line":89,"column":20},"end":{"line":89,"column":25},"skip":true},{"start":{"line":89,"column":29},"end":{"line":89,"column":48},"skip":true},{"start":{"line":89,"column":52},"end":{"line":89,"column":74},"skip":true}]},"12":{"line":92,"type":"if","locations":[{"start":{"line":92,"column":16},"end":{"line":92,"column":16},"skip":true},{"start":{"line":92,"column":16},"end":{"line":92,"column":16},"skip":true}]},"13":{"line":108,"type":"if","locations":[{"start":{"line":108,"column":12},"end":{"line":108,"column":12},"skip":true},{"start":{"line":108,"column":12},"end":{"line":108,"column":12},"skip":true}]},"14":{"line":108,"type":"binary-expr","locations":[{"start":{"line":108,"column":16},"end":{"line":108,"column":61},"skip":true},{"start":{"line":108,"column":66},"end":{"line":108,"column":72},"skip":true},{"start":{"line":108,"column":77},"end":{"line":108,"column":82},"skip":true},{"start":{"line":109,"column":20},"end":{"line":109,"column":39},"skip":true},{"start":{"line":110,"column":20},"end":{"line":110,"column":49},"skip":true},{"start":{"line":111,"column":20},"end":{"line":111,"column":58},"skip":true},{"start":{"line":112,"column":20},"end":{"line":112,"column":68},"skip":true}]},"15":{"line":129,"type":"if","locations":[{"start":{"line":129,"column":16},"end":{"line":129,"column":16},"skip":true},{"start":{"line":129,"column":16},"end":{"line":129,"column":16},"skip":true}]},"16":{"line":134,"type":"cond-expr","locations":[{"start":{"line":135,"column":26},"end":{"line":135,"column":29},"skip":true},{"start":{"line":136,"column":26},"end":{"line":136,"column":54},"skip":true}]},"17":{"line":164,"type":"binary-expr","locations":[{"start":{"line":164,"column":27},"end":{"line":164,"column":43},"skip":true},{"start":{"line":164,"column":47},"end":{"line":164,"column":49},"skip":true}]},"18":{"line":258,"type":"if","locations":[{"start":{"line":258,"column":8},"end":{"line":258,"column":8},"skip":true},{"start":{"line":258,"column":8},"end":{"line":258,"column":8},"skip":true}]},"19":{"line":275,"type":"switch","locations":[{"start":{"line":276,"column":20},"end":{"line":277,"column":64},"skip":true},{"start":{"line":278,"column":20},"end":{"line":279,"column":40},"skip":true},{"start":{"line":280,"column":20},"end":{"line":281,"column":40},"skip":true},{"start":{"line":282,"column":20},"end":{"line":283,"column":39},"skip":true}]},"20":{"line":288,"type":"if","locations":[{"start":{"line":288,"column":8},"end":{"line":288,"column":8},"skip":true},{"start":{"line":288,"column":8},"end":{"line":288,"column":8},"skip":true}]},"21":{"line":288,"type":"binary-expr","locations":[{"start":{"line":288,"column":12},"end":{"line":288,"column":40},"skip":true},{"start":{"line":288,"column":44},"end":{"line":288,"column":67},"skip":true}]},"22":{"line":292,"type":"binary-expr","locations":[{"start":{"line":292,"column":12},"end":{"line":292,"column":50},"skip":true},{"start":{"line":293,"column":12},"end":{"line":293,"column":53},"skip":true}]},"23":{"line":297,"type":"binary-expr","locations":[{"start":{"line":297,"column":12},"end":{"line":297,"column":69},"skip":true},{"start":{"line":298,"column":12},"end":{"line":301,"column":36},"skip":true}]},"24":{"line":303,"type":"binary-expr","locations":[{"start":{"line":303,"column":43},"end":{"line":303,"column":75},"skip":true},{"start":{"line":303,"column":79},"end":{"line":303,"column":81},"skip":true}]},"25":{"line":306,"type":"if","locations":[{"start":{"line":306,"column":8},"end":{"line":306,"column":8},"skip":true},{"start":{"line":306,"column":8},"end":{"line":306,"column":8},"skip":true}]},"26":{"line":310,"type":"if","locations":[{"start":{"line":310,"column":8},"end":{"line":310,"column":8},"skip":true},{"start":{"line":310,"column":8},"end":{"line":310,"column":8},"skip":true}]},"27":{"line":313,"type":"binary-expr","locations":[{"start":{"line":313,"column":27},"end":{"line":313,"column":43},"skip":true},{"start":{"line":313,"column":47},"end":{"line":313,"column":53},"skip":true}]},"28":{"line":317,"type":"if","locations":[{"start":{"line":317,"column":12},"end":{"line":317,"column":12},"skip":true},{"start":{"line":317,"column":12},"end":{"line":317,"column":12},"skip":true}]}},"code":["/*","example.js","","quickstart example","","instruction","    1. save this script as example.js","    2. run the shell command:","        $ npm install npmtest-revalidator && PORT=8081 node example.js","    3. play with the browser-demo on http://127.0.0.1:8081","*/","","","","/* istanbul instrument in package npmtest_revalidator */","/*jslint","    bitwise: true,","    browser: true,","    maxerr: 8,","    maxlen: 96,","    node: true,","    nomen: true,","    regexp: true,","    stupid: true","*/","(function () {","    'use strict';","    var local;","","","","    // run shared js-env code - pre-init","    (function () {","        // init local","        local = {};","        // init modeJs","        local.modeJs = (function () {","            try {","                return typeof navigator.userAgent === 'string' &&","                    typeof document.querySelector('body') === 'object' &&","                    typeof XMLHttpRequest.prototype.open === 'function' &&","                    'browser';","            } catch (errorCaughtBrowser) {","                return module.exports &&","                    typeof process.versions.node === 'string' &&","                    typeof require('http').createServer === 'function' &&","                    'node';","            }","        }());","        // init global","        local.global = local.modeJs === 'browser'","            ? window","            : global;","        // init utility2_rollup","        local = local.global.utility2_rollup || (local.modeJs === 'browser'","            ? local.global.utility2_npmtest_revalidator","            : global.utility2_moduleExports);","        // export local","        local.global.local = local;","    }());","    switch (local.modeJs) {","","","","    // post-init","    // run browser js-env code - post-init","    /* istanbul ignore next */","    case 'browser':","        local.testRunBrowser = function (event) {","            if (!event || (event &&","                    event.currentTarget &&","                    event.currentTarget.className &&","                    event.currentTarget.className.includes &&","                    event.currentTarget.className.includes('onreset'))) {","                // reset output","                Array.from(","                    document.querySelectorAll('body > .resettable')","                ).forEach(function (element) {","                    switch (element.tagName) {","                    case 'INPUT':","                    case 'TEXTAREA':","                        element.value = '';","                        break;","                    default:","                        element.textContent = '';","                    }","                });","            }","            switch (event && event.currentTarget && event.currentTarget.id) {","            case 'testRunButton1':","                // show tests","                if (document.querySelector('#testReportDiv1').style.display === 'none') {","                    document.querySelector('#testReportDiv1').style.display = 'block';","                    document.querySelector('#testRunButton1').textContent =","                        'hide internal test';","                    local.modeTest = true;","                    local.testRunDefault(local);","                // hide tests","                } else {","                    document.querySelector('#testReportDiv1').style.display = 'none';","                    document.querySelector('#testRunButton1').textContent = 'run internal test';","                }","                break;","            // custom-case","            default:","                break;","            }","            if (document.querySelector('#inputTextareaEval1') && (!event || (event &&","                    event.currentTarget &&","                    event.currentTarget.className &&","                    event.currentTarget.className.includes &&","                    event.currentTarget.className.includes('oneval')))) {","                // try to eval input-code","                try {","                    /*jslint evil: true*/","                    eval(document.querySelector('#inputTextareaEval1').value);","                } catch (errorCaught) {","                    console.error(errorCaught);","                }","            }","        };","        // log stderr and stdout to #outputTextareaStdout1","        ['error', 'log'].forEach(function (key) {","            console[key + '_original'] = console[key];","            console[key] = function () {","                var element;","                console[key + '_original'].apply(console, arguments);","                element = document.querySelector('#outputTextareaStdout1');","                if (!element) {","                    return;","                }","                // append text to #outputTextareaStdout1","                element.value += Array.from(arguments).map(function (arg) {","                    return typeof arg === 'string'","                        ? arg","                        : JSON.stringify(arg, null, 4);","                }).join(' ') + '\\n';","                // scroll textarea to bottom","                element.scrollTop = element.scrollHeight;","            };","        });","        // init event-handling","        ['change', 'click', 'keyup'].forEach(function (event) {","            Array.from(document.querySelectorAll('.on' + event)).forEach(function (element) {","                element.addEventListener(event, local.testRunBrowser);","            });","        });","        // run tests","        local.testRunBrowser();","        break;","","","","    // run node js-env code - post-init","    /* istanbul ignore next */","    case 'node':","        // export local","        module.exports = local;","        // require modules","        local.fs = require('fs');","        local.http = require('http');","        local.url = require('url');","        // init assets","        local.assetsDict = local.assetsDict || {};","        /* jslint-ignore-begin */","        local.assetsDict['/assets.index.template.html'] = '\\","<!doctype html>\\n\\","<html lang=\"en\">\\n\\","<head>\\n\\","<meta charset=\"UTF-8\">\\n\\","<meta name=\"viewport\" content=\"width=device-width, initial-scale=1\">\\n\\","<title>{{env.npm_package_name}} (v{{env.npm_package_version}})</title>\\n\\","<style>\\n\\","/*csslint\\n\\","    box-sizing: false,\\n\\","    universal-selector: false\\n\\","*/\\n\\","* {\\n\\","    box-sizing: border-box;\\n\\","}\\n\\","body {\\n\\","    background: #dde;\\n\\","    font-family: Arial, Helvetica, sans-serif;\\n\\","    margin: 2rem;\\n\\","}\\n\\","body > * {\\n\\","    margin-bottom: 1rem;\\n\\","}\\n\\",".utility2FooterDiv {\\n\\","    margin-top: 20px;\\n\\","    text-align: center;\\n\\","}\\n\\","</style>\\n\\","<style>\\n\\","/*csslint\\n\\","*/\\n\\","textarea {\\n\\","    font-family: monospace;\\n\\","    height: 10rem;\\n\\","    width: 100%;\\n\\","}\\n\\","textarea[readonly] {\\n\\","    background: #ddd;\\n\\","}\\n\\","</style>\\n\\","</head>\\n\\","<body>\\n\\","<!-- utility2-comment\\n\\","<div id=\"ajaxProgressDiv1\" style=\"background: #d00; height: 2px; left: 0; margin: 0; padding: 0; position: fixed; top: 0; transition: background 0.5s, width 1.5s; width: 25%;\"></div>\\n\\","utility2-comment -->\\n\\","<h1>\\n\\","<!-- utility2-comment\\n\\","    <a\\n\\","        {{#if env.npm_package_homepage}}\\n\\","        href=\"{{env.npm_package_homepage}}\"\\n\\","        {{/if env.npm_package_homepage}}\\n\\","        target=\"_blank\"\\n\\","    >\\n\\","utility2-comment -->\\n\\","        {{env.npm_package_name}} (v{{env.npm_package_version}})\\n\\","<!-- utility2-comment\\n\\","    </a>\\n\\","utility2-comment -->\\n\\","</h1>\\n\\","<h3>{{env.npm_package_description}}</h3>\\n\\","<!-- utility2-comment\\n\\","<h4><a download href=\"assets.app.js\">download standalone app</a></h4>\\n\\","<button class=\"onclick onreset\" id=\"testRunButton1\">run internal test</button><br>\\n\\","<div id=\"testReportDiv1\" style=\"display: none;\"></div>\\n\\","utility2-comment -->\\n\\","\\n\\","\\n\\","\\n\\","<label>stderr and stdout</label>\\n\\","<textarea class=\"resettable\" id=\"outputTextareaStdout1\" readonly></textarea>\\n\\","<!-- utility2-comment\\n\\","{{#if isRollup}}\\n\\","<script src=\"assets.app.js\"></script>\\n\\","{{#unless isRollup}}\\n\\","utility2-comment -->\\n\\","<script src=\"assets.utility2.rollup.js\"></script>\\n\\","<script src=\"jsonp.utility2._stateInit?callback=window.utility2._stateInit\"></script>\\n\\","<script src=\"assets.npmtest_revalidator.rollup.js\"></script>\\n\\","<script src=\"assets.example.js\"></script>\\n\\","<script src=\"assets.test.js\"></script>\\n\\","<!-- utility2-comment\\n\\","{{/if isRollup}}\\n\\","utility2-comment -->\\n\\","<div class=\"utility2FooterDiv\">\\n\\","    [ this app was created with\\n\\","    <a href=\"https://github.com/kaizhu256/node-utility2\" target=\"_blank\">utility2</a>\\n\\","    ]\\n\\","</div>\\n\\","</body>\\n\\","</html>\\n\\","';","        /* jslint-ignore-end */","        if (local.templateRender) {","            local.assetsDict['/'] = local.templateRender(","                local.assetsDict['/assets.index.template.html'],","                {","                    env: local.objectSetDefault(local.env, {","                        npm_package_description: 'the greatest app in the world!',","                        npm_package_name: 'my-app',","                        npm_package_nameAlias: 'my_app',","                        npm_package_version: '0.0.1'","                    })","                }","            );","        } else {","            local.assetsDict['/'] = local.assetsDict['/assets.index.template.html']","                .replace((/\\{\\{env\\.(\\w+?)\\}\\}/g), function (match0, match1) {","                    // jslint-hack","                    String(match0);","                    switch (match1) {","                    case 'npm_package_description':","                        return 'the greatest app in the world!';","                    case 'npm_package_name':","                        return 'my-app';","                    case 'npm_package_nameAlias':","                        return 'my_app';","                    case 'npm_package_version':","                        return '0.0.1';","                    }","                });","        }","        // run the cli","        if (local.global.utility2_rollup || module !== require.main) {","            break;","        }","        local.assetsDict['/assets.example.js'] =","            local.assetsDict['/assets.example.js'] ||","            local.fs.readFileSync(__filename, 'utf8');","        // bug-workaround - long $npm_package_buildCustomOrg","        /* jslint-ignore-begin */","        local.assetsDict['/assets.npmtest_revalidator.rollup.js'] =","            local.assetsDict['/assets.npmtest_revalidator.rollup.js'] ||","            local.fs.readFileSync(","                local.npmtest_revalidator.__dirname + '/lib.npmtest_revalidator.js',","                'utf8'","            ).replace((/^#!/), '//');","        /* jslint-ignore-end */","        local.assetsDict['/favicon.ico'] = local.assetsDict['/favicon.ico'] || '';","        // if $npm_config_timeout_exit exists,","        // then exit this process after $npm_config_timeout_exit ms","        if (Number(process.env.npm_config_timeout_exit)) {","            setTimeout(process.exit, Number(process.env.npm_config_timeout_exit));","        }","        // start server","        if (local.global.utility2_serverHttp1) {","            break;","        }","        process.env.PORT = process.env.PORT || '8081';","        console.error('server starting on port ' + process.env.PORT);","        local.http.createServer(function (request, response) {","            request.urlParsed = local.url.parse(request.url);","            if (local.assetsDict[request.urlParsed.pathname] !== undefined) {","                response.end(local.assetsDict[request.urlParsed.pathname]);","                return;","            }","            response.statusCode = 404;","            response.end();","        }).listen(process.env.PORT);","        break;","    }","}());",""],"l":{"26":2,"28":2,"33":2,"35":2,"37":2,"38":2,"39":2,"44":1,"51":2,"55":2,"59":2,"61":2,"69":1,"70":2,"76":2,"79":2,"82":2,"83":2,"85":1,"89":2,"92":1,"93":1,"94":1,"96":1,"97":1,"100":1,"101":1,"103":1,"106":1,"108":2,"114":1,"116":1,"118":1,"123":1,"124":2,"125":2,"126":3,"127":3,"128":3,"129":3,"130":1,"133":3,"134":3,"139":3,"143":1,"144":3,"145":1,"149":1,"150":1,"158":1,"160":1,"161":1,"162":1,"164":1,"166":1,"258":1,"259":1,"271":1,"274":6,"275":6,"277":1,"279":2,"281":1,"283":2,"288":1,"289":1,"291":1,"296":1,"303":1,"306":1,"307":1,"310":1,"311":1,"313":1,"314":1,"315":1,"316":1,"317":1,"318":1,"319":1,"321":1,"322":1,"324":1}},"/home/travis/build/npmtest/node-npmtest-revalidator/node_modules/revalidator/lib/revalidator.js":{"path":"/home/travis/build/npmtest/node-npmtest-revalidator/node_modules/revalidator/lib/revalidator.js","s":{"1":1,"2":1,"3":1,"4":1,"5":0,"6":0,"7":0,"8":0,"9":0,"10":0,"11":1,"12":1,"13":1,"14":1,"15":0,"16":0,"17":0,"18":0,"19":0,"20":1,"21":1,"22":0,"23":0,"24":0,"25":0,"26":0,"27":0,"28":0,"29":0,"30":0,"31":0,"32":0,"33":1,"34":0,"35":0,"36":0,"37":0,"38":0,"39":0,"40":0,"41":0,"42":0,"43":0,"44":0,"45":0,"46":0,"47":0,"48":0,"49":0,"50":0,"51":0,"52":0,"53":0,"54":0,"55":0,"56":0,"57":0,"58":0,"59":0,"60":0,"61":0,"62":0,"63":1,"64":0,"65":1,"66":0,"67":0,"68":0,"69":0,"70":0,"71":0,"72":0,"73":0,"74":0,"75":0,"76":0,"77":0,"78":0,"79":0,"80":0,"81":0,"82":0,"83":0,"84":0,"85":0,"86":0,"87":0,"88":0,"89":0,"90":0,"91":0,"92":0,"93":0,"94":0,"95":0,"96":0,"97":0,"98":0,"99":0,"100":0,"101":0,"102":0,"103":0,"104":0,"105":0,"106":0,"107":0,"108":0,"109":0,"110":0,"111":0,"112":0,"113":0,"114":0,"115":0,"116":0,"117":0,"118":0,"119":0,"120":0,"121":0,"122":0,"123":0,"124":0,"125":0,"126":0,"127":0,"128":0,"129":0,"130":0,"131":0,"132":0,"133":0,"134":0,"135":0,"136":0,"137":0,"138":0,"139":0,"140":0,"141":0,"142":0,"143":0,"144":0,"145":0,"146":0,"147":0,"148":0,"149":0,"150":0,"151":0,"152":0,"153":0,"154":0,"155":0,"156":0,"157":0,"158":0,"159":0,"160":0,"161":0,"162":0,"163":0,"164":0,"165":0,"166":1,"167":0,"168":0,"169":0,"170":0,"171":0,"172":0,"173":0,"174":0,"175":1,"176":0,"177":0,"178":0,"179":0,"180":0,"181":1,"182":0,"183":0,"184":0,"185":0,"186":0,"187":0,"188":1,"189":0,"190":0,"191":0,"192":0,"193":0,"194":0},"b":{"1":[0,0],"2":[0,0],"3":[0,0],"4":[0,0],"5":[0,0],"6":[0,0],"7":[0,0],"8":[0,0],"9":[0,0],"10":[0,0],"11":[0,0],"12":[0,0],"13":[0,0],"14":[0,0],"15":[0,0],"16":[0,0],"17":[0,0],"18":[0,0],"19":[0,0],"20":[0,0],"21":[0,0],"22":[0,0],"23":[0,0],"24":[0,0],"25":[0,0,0],"26":[0,0],"27":[0,0],"28":[0,0,0],"29":[0,0],"30":[0,0,0],"31":[0,0],"32":[0,0],"33":[0,0],"34":[0,0],"35":[0,0],"36":[0,0],"37":[0,0],"38":[0,0],"39":[0,0],"40":[0,0],"41":[0,0],"42":[0,0],"43":[0,0],"44":[0,0],"45":[0,0],"46":[0,0,0,0,0],"47":[0,0],"48":[0,0],"49":[0,0],"50":[0,0],"51":[0,0],"52":[0,0],"53":[0,0],"54":[0,0],"55":[0,0],"56":[0,0],"57":[0,0,0],"58":[0,0],"59":[0,0],"60":[0,0],"61":[0,0],"62":[0,0],"63":[0,0],"64":[0,0,0],"65":[0,0],"66":[0,0],"67":[0,0],"68":[0,0],"69":[0,0],"70":[0,0],"71":[0,0],"72":[0,0,0,0,0],"73":[0,0],"74":[0,0],"75":[0,0],"76":[0,0],"77":[0,0,0],"78":[0,0],"79":[0,0],"80":[0,0],"81":[1,0],"82":[1,1,1]},"f":{"1":1,"2":0,"3":0,"4":0,"5":0,"6":0,"7":0,"8":0,"9":0,"10":0,"11":0,"12":0,"13":0,"14":0,"15":0,"16":0,"17":0,"18":0,"19":0,"20":0,"21":0,"22":0,"23":0,"24":0,"25":0,"26":0,"27":0,"28":0,"29":0,"30":0,"31":0},"fnMap":{"1":{"name":"(anonymous_1)","line":1,"loc":{"start":{"line":1,"column":1},"end":{"line":1,"column":20}}},"2":{"name":"validate","line":28,"loc":{"start":{"line":28,"column":2},"end":{"line":28,"column":45}}},"3":{"name":"(anonymous_3)","line":134,"loc":{"start":{"line":134,"column":12},"end":{"line":134,"column":29}}},"4":{"name":"(anonymous_4)","line":139,"loc":{"start":{"line":139,"column":12},"end":{"line":139,"column":29}}},"5":{"name":"mixin","line":155,"loc":{"start":{"line":155,"column":2},"end":{"line":155,"column":22}}},"6":{"name":"validateObject","line":175,"loc":{"start":{"line":175,"column":2},"end":{"line":175,"column":59}}},"7":{"name":"(anonymous_7)","line":219,"loc":{"start":{"line":219,"column":43},"end":{"line":219,"column":54}}},"8":{"name":"validateProperty","line":239,"loc":{"start":{"line":239,"column":2},"end":{"line":239,"column":78}}},"9":{"name":"constrain","line":245,"loc":{"start":{"line":245,"column":4},"end":{"line":245,"column":44}}},"10":{"name":"(anonymous_10)","line":317,"loc":{"start":{"line":317,"column":34},"end":{"line":317,"column":54}}},"11":{"name":"(anonymous_11)","line":320,"loc":{"start":{"line":320,"column":34},"end":{"line":320,"column":50}}},"12":{"name":"(anonymous_12)","line":324,"loc":{"start":{"line":324,"column":48},"end":{"line":324,"column":64}}},"13":{"name":"(anonymous_13)","line":325,"loc":{"start":{"line":325,"column":48},"end":{"line":325,"column":64}}},"14":{"name":"(anonymous_14)","line":326,"loc":{"start":{"line":326,"column":48},"end":{"line":326,"column":64}}},"15":{"name":"(anonymous_15)","line":327,"loc":{"start":{"line":327,"column":48},"end":{"line":327,"column":64}}},"16":{"name":"(anonymous_16)","line":336,"loc":{"start":{"line":336,"column":42},"end":{"line":336,"column":58}}},"17":{"name":"(anonymous_17)","line":337,"loc":{"start":{"line":337,"column":42},"end":{"line":337,"column":58}}},"18":{"name":"(anonymous_18)","line":338,"loc":{"start":{"line":338,"column":47},"end":{"line":338,"column":63}}},"19":{"name":"(anonymous_19)","line":339,"loc":{"start":{"line":339,"column":47},"end":{"line":339,"column":63}}},"20":{"name":"(anonymous_20)","line":340,"loc":{"start":{"line":340,"column":42},"end":{"line":340,"column":58}}},"21":{"name":"(anonymous_21)","line":347,"loc":{"start":{"line":347,"column":36},"end":{"line":347,"column":52}}},"22":{"name":"(anonymous_22)","line":352,"loc":{"start":{"line":352,"column":35},"end":{"line":352,"column":50}}},"23":{"name":"(anonymous_23)","line":363,"loc":{"start":{"line":363,"column":39},"end":{"line":363,"column":55}}},"24":{"name":"(anonymous_24)","line":364,"loc":{"start":{"line":364,"column":39},"end":{"line":364,"column":55}}},"25":{"name":"(anonymous_25)","line":365,"loc":{"start":{"line":365,"column":42},"end":{"line":365,"column":58}}},"26":{"name":"(anonymous_26)","line":384,"loc":{"start":{"line":384,"column":33},"end":{"line":384,"column":46}}},"27":{"name":"checkType","line":395,"loc":{"start":{"line":395,"column":2},"end":{"line":395,"column":42}}},"28":{"name":"error","line":423,"loc":{"start":{"line":423,"column":2},"end":{"line":423,"column":62}}},"29":{"name":"(anonymous_29)","line":426,"loc":{"start":{"line":426,"column":49},"end":{"line":426,"column":69}}},"30":{"name":"isArray","line":436,"loc":{"start":{"line":436,"column":2},"end":{"line":436,"column":26}}},"31":{"name":"isDate","line":450,"loc":{"start":{"line":450,"column":2},"end":{"line":450,"column":25}}}},"statementMap":{"1":{"start":{"line":1,"column":0},"end":{"line":463,"column":85}},"2":{"start":{"line":2,"column":2},"end":{"line":2,"column":30}},"3":{"start":{"line":3,"column":2},"end":{"line":3,"column":24}},"4":{"start":{"line":28,"column":2},"end":{"line":46,"column":3}},"5":{"start":{"line":29,"column":4},"end":{"line":29,"column":52}},"6":{"start":{"line":30,"column":4},"end":{"line":30,"column":20}},"7":{"start":{"line":32,"column":4},"end":{"line":35,"column":54}},"8":{"start":{"line":33,"column":6},"end":{"line":33,"column":68}},"9":{"start":{"line":35,"column":6},"end":{"line":35,"column":54}},"10":{"start":{"line":42,"column":4},"end":{"line":45,"column":6}},"11":{"start":{"line":54,"column":2},"end":{"line":92,"column":4}},"12":{"start":{"line":97,"column":2},"end":{"line":115,"column":4}},"13":{"start":{"line":116,"column":2},"end":{"line":116,"column":68}},"14":{"start":{"line":121,"column":2},"end":{"line":146,"column":4}},"15":{"start":{"line":135,"column":8},"end":{"line":135,"column":56}},"16":{"start":{"line":140,"column":8},"end":{"line":141,"column":34}},"17":{"start":{"line":140,"column":14},"end":{"line":140,"column":32}},"18":{"start":{"line":141,"column":20},"end":{"line":141,"column":33}},"19":{"start":{"line":143,"column":8},"end":{"line":143,"column":20}},"20":{"start":{"line":151,"column":2},"end":{"line":153,"column":4}},"21":{"start":{"line":155,"column":2},"end":{"line":173,"column":3}},"22":{"start":{"line":156,"column":4},"end":{"line":156,"column":59}},"23":{"start":{"line":157,"column":4},"end":{"line":170,"column":5}},"24":{"start":{"line":158,"column":6},"end":{"line":158,"column":35}},"25":{"start":{"line":159,"column":6},"end":{"line":159,"column":31}},"26":{"start":{"line":159,"column":21},"end":{"line":159,"column":30}},"27":{"start":{"line":161,"column":6},"end":{"line":163,"column":7}},"28":{"start":{"line":162,"column":8},"end":{"line":162,"column":48}},"29":{"start":{"line":165,"column":6},"end":{"line":169,"column":7}},"30":{"start":{"line":166,"column":8},"end":{"line":168,"column":9}},"31":{"start":{"line":167,"column":10},"end":{"line":167,"column":29}},"32":{"start":{"line":172,"column":4},"end":{"line":172,"column":15}},"33":{"start":{"line":175,"column":2},"end":{"line":237,"column":3}},"34":{"start":{"line":176,"column":4},"end":{"line":177,"column":26}},"35":{"start":{"line":180,"column":4},"end":{"line":188,"column":5}},"36":{"start":{"line":181,"column":6},"end":{"line":181,"column":32}},"37":{"start":{"line":182,"column":6},"end":{"line":187,"column":7}},"38":{"start":{"line":183,"column":8},"end":{"line":186,"column":9}},"39":{"start":{"line":184,"column":10},"end":{"line":184,"column":31}},"40":{"start":{"line":185,"column":10},"end":{"line":185,"column":76}},"41":{"start":{"line":191,"column":4},"end":{"line":208,"column":5}},"42":{"start":{"line":192,"column":6},"end":{"line":192,"column":39}},"43":{"start":{"line":193,"column":6},"end":{"line":207,"column":7}},"44":{"start":{"line":194,"column":8},"end":{"line":206,"column":9}},"45":{"start":{"line":195,"column":10},"end":{"line":195,"column":33}},"46":{"start":{"line":198,"column":10},"end":{"line":205,"column":11}},"47":{"start":{"line":199,"column":12},"end":{"line":204,"column":13}},"48":{"start":{"line":200,"column":14},"end":{"line":203,"column":15}},"49":{"start":{"line":201,"column":16},"end":{"line":201,"column":82}},"50":{"start":{"line":202,"column":16},"end":{"line":202,"column":37}},"51":{"start":{"line":211,"column":4},"end":{"line":213,"column":5}},"52":{"start":{"line":212,"column":6},"end":{"line":212,"column":65}},"53":{"start":{"line":216,"column":4},"end":{"line":235,"column":5}},"54":{"start":{"line":217,"column":6},"end":{"line":217,"column":15}},"55":{"start":{"line":219,"column":6},"end":{"line":221,"column":9}},"56":{"start":{"line":220,"column":8},"end":{"line":220,"column":46}},"57":{"start":{"line":224,"column":6},"end":{"line":234,"column":7}},"58":{"start":{"line":225,"column":8},"end":{"line":227,"column":9}},"59":{"start":{"line":226,"column":10},"end":{"line":226,"column":101}},"60":{"start":{"line":230,"column":11},"end":{"line":234,"column":7}},"61":{"start":{"line":231,"column":8},"end":{"line":233,"column":9}},"62":{"start":{"line":232,"column":10},"end":{"line":232,"column":126}},"63":{"start":{"line":239,"column":2},"end":{"line":393,"column":3}},"64":{"start":{"line":240,"column":4},"end":{"line":243,"column":13}},"65":{"start":{"line":245,"column":4},"end":{"line":249,"column":5}},"66":{"start":{"line":246,"column":6},"end":{"line":248,"column":7}},"67":{"start":{"line":247,"column":8},"end":{"line":247,"column":53}},"68":{"start":{"line":251,"column":4},"end":{"line":257,"column":5}},"69":{"start":{"line":252,"column":6},"end":{"line":256,"column":7}},"70":{"start":{"line":253,"column":8},"end":{"line":253,"column":70}},"71":{"start":{"line":255,"column":8},"end":{"line":255,"column":15}},"72":{"start":{"line":259,"column":4},"end":{"line":276,"column":5}},"73":{"start":{"line":260,"column":6},"end":{"line":263,"column":7}},"74":{"start":{"line":261,"column":8},"end":{"line":261,"column":23}},"75":{"start":{"line":262,"column":8},"end":{"line":262,"column":33}},"76":{"start":{"line":265,"column":6},"end":{"line":275,"column":7}},"77":{"start":{"line":266,"column":8},"end":{"line":269,"column":9}},"78":{"start":{"line":267,"column":10},"end":{"line":267,"column":23}},"79":{"start":{"line":268,"column":10},"end":{"line":268,"column":35}},"80":{"start":{"line":271,"column":8},"end":{"line":274,"column":9}},"81":{"start":{"line":272,"column":10},"end":{"line":272,"column":24}},"82":{"start":{"line":273,"column":10},"end":{"line":273,"column":35}},"83":{"start":{"line":278,"column":4},"end":{"line":293,"column":5}},"84":{"start":{"line":279,"column":6},"end":{"line":279,"column":29}},"85":{"start":{"line":281,"column":6},"end":{"line":281,"column":88}},"86":{"start":{"line":281,"column":46},"end":{"line":281,"column":87}},"87":{"start":{"line":282,"column":6},"end":{"line":282,"column":52}},"88":{"start":{"line":282,"column":19},"end":{"line":282,"column":51}},"89":{"start":{"line":283,"column":6},"end":{"line":292,"column":7}},"90":{"start":{"line":284,"column":8},"end":{"line":286,"column":9}},"91":{"start":{"line":285,"column":10},"end":{"line":285,"column":66}},"92":{"start":{"line":289,"column":8},"end":{"line":291,"column":9}},"93":{"start":{"line":290,"column":10},"end":{"line":290,"column":66}},"94":{"start":{"line":295,"column":4},"end":{"line":297,"column":5}},"95":{"start":{"line":296,"column":6},"end":{"line":296,"column":53}},"96":{"start":{"line":300,"column":4},"end":{"line":303,"column":5}},"97":{"start":{"line":302,"column":6},"end":{"line":302,"column":60}},"98":{"start":{"line":305,"column":4},"end":{"line":311,"column":5}},"99":{"start":{"line":306,"column":6},"end":{"line":310,"column":7}},"100":{"start":{"line":307,"column":8},"end":{"line":309,"column":9}},"101":{"start":{"line":308,"column":10},"end":{"line":308,"column":64}},"102":{"start":{"line":313,"column":4},"end":{"line":315,"column":5}},"103":{"start":{"line":314,"column":6},"end":{"line":314,"column":67}},"104":{"start":{"line":317,"column":4},"end":{"line":392,"column":7}},"105":{"start":{"line":318,"column":6},"end":{"line":318,"column":76}},"106":{"start":{"line":318,"column":15},"end":{"line":318,"column":76}},"107":{"start":{"line":320,"column":6},"end":{"line":320,"column":75}},"108":{"start":{"line":320,"column":52},"end":{"line":320,"column":72}},"109":{"start":{"line":322,"column":6},"end":{"line":391,"column":7}},"110":{"start":{"line":324,"column":10},"end":{"line":324,"column":93}},"111":{"start":{"line":324,"column":66},"end":{"line":324,"column":90}},"112":{"start":{"line":325,"column":10},"end":{"line":325,"column":83}},"113":{"start":{"line":325,"column":66},"end":{"line":325,"column":80}},"114":{"start":{"line":326,"column":10},"end":{"line":326,"column":83}},"115":{"start":{"line":326,"column":66},"end":{"line":326,"column":80}},"116":{"start":{"line":327,"column":10},"end":{"line":332,"column":13}},"117":{"start":{"line":328,"column":12},"end":{"line":330,"column":18}},"118":{"start":{"line":331,"column":12},"end":{"line":331,"column":28}},"119":{"start":{"line":333,"column":10},"end":{"line":333,"column":16}},"120":{"start":{"line":336,"column":10},"end":{"line":336,"column":77}},"121":{"start":{"line":336,"column":60},"end":{"line":336,"column":74}},"122":{"start":{"line":337,"column":10},"end":{"line":337,"column":77}},"123":{"start":{"line":337,"column":60},"end":{"line":337,"column":74}},"124":{"start":{"line":338,"column":10},"end":{"line":338,"column":81}},"125":{"start":{"line":338,"column":65},"end":{"line":338,"column":78}},"126":{"start":{"line":339,"column":10},"end":{"line":339,"column":81}},"127":{"start":{"line":339,"column":65},"end":{"line":339,"column":78}},"128":{"start":{"line":340,"column":10},"end":{"line":344,"column":13}},"129":{"start":{"line":341,"column":12},"end":{"line":341,"column":124}},"130":{"start":{"line":342,"column":12},"end":{"line":342,"column":71}},"131":{"start":{"line":343,"column":12},"end":{"line":343,"column":60}},"132":{"start":{"line":345,"column":10},"end":{"line":345,"column":16}},"133":{"start":{"line":347,"column":10},"end":{"line":362,"column":13}},"134":{"start":{"line":348,"column":12},"end":{"line":348,"column":29}},"135":{"start":{"line":349,"column":12},"end":{"line":360,"column":13}},"136":{"start":{"line":350,"column":14},"end":{"line":350,"column":32}},"137":{"start":{"line":351,"column":14},"end":{"line":351,"column":81}},"138":{"start":{"line":352,"column":14},"end":{"line":357,"column":17}},"139":{"start":{"line":353,"column":16},"end":{"line":356,"column":87}},"140":{"start":{"line":358,"column":14},"end":{"line":358,"column":41}},"141":{"start":{"line":359,"column":14},"end":{"line":359,"column":65}},"142":{"start":{"line":361,"column":12},"end":{"line":361,"column":24}},"143":{"start":{"line":363,"column":10},"end":{"line":363,"column":81}},"144":{"start":{"line":363,"column":57},"end":{"line":363,"column":78}},"145":{"start":{"line":364,"column":10},"end":{"line":364,"column":81}},"146":{"start":{"line":364,"column":57},"end":{"line":364,"column":78}},"147":{"start":{"line":365,"column":10},"end":{"line":377,"column":13}},"148":{"start":{"line":366,"column":12},"end":{"line":366,"column":32}},"149":{"start":{"line":366,"column":20},"end":{"line":366,"column":32}},"150":{"start":{"line":368,"column":12},"end":{"line":368,"column":23}},"151":{"start":{"line":370,"column":12},"end":{"line":374,"column":13}},"152":{"start":{"line":371,"column":14},"end":{"line":371,"column":45}},"153":{"start":{"line":372,"column":14},"end":{"line":372,"column":39}},"154":{"start":{"line":372,"column":26},"end":{"line":372,"column":39}},"155":{"start":{"line":373,"column":14},"end":{"line":373,"column":28}},"156":{"start":{"line":376,"column":12},"end":{"line":376,"column":24}},"157":{"start":{"line":378,"column":10},"end":{"line":378,"column":16}},"158":{"start":{"line":381,"column":10},"end":{"line":389,"column":11}},"159":{"start":{"line":382,"column":12},"end":{"line":382,"column":34}},"160":{"start":{"line":383,"column":12},"end":{"line":383,"column":65}},"161":{"start":{"line":384,"column":12},"end":{"line":386,"column":15}},"162":{"start":{"line":385,"column":14},"end":{"line":385,"column":54}},"163":{"start":{"line":387,"column":12},"end":{"line":387,"column":39}},"164":{"start":{"line":388,"column":12},"end":{"line":388,"column":63}},"165":{"start":{"line":390,"column":10},"end":{"line":390,"column":16}},"166":{"start":{"line":395,"column":2},"end":{"line":421,"column":3}},"167":{"start":{"line":396,"column":4},"end":{"line":397,"column":46}},"168":{"start":{"line":400,"column":4},"end":{"line":400,"column":56}},"169":{"start":{"line":400,"column":28},"end":{"line":400,"column":56}},"170":{"start":{"line":404,"column":4},"end":{"line":418,"column":5}},"171":{"start":{"line":405,"column":6},"end":{"line":405,"column":43}},"172":{"start":{"line":406,"column":6},"end":{"line":417,"column":7}},"173":{"start":{"line":416,"column":8},"end":{"line":416,"column":36}},"174":{"start":{"line":420,"column":4},"end":{"line":420,"column":19}},"175":{"start":{"line":423,"column":2},"end":{"line":434,"column":3}},"176":{"start":{"line":424,"column":4},"end":{"line":424,"column":107}},"177":{"start":{"line":425,"column":4},"end":{"line":425,"column":138}},"178":{"start":{"line":426,"column":4},"end":{"line":426,"column":116}},"179":{"start":{"line":426,"column":71},"end":{"line":426,"column":112}},"180":{"start":{"line":427,"column":4},"end":{"line":433,"column":7}},"181":{"start":{"line":436,"column":2},"end":{"line":448,"column":3}},"182":{"start":{"line":437,"column":4},"end":{"line":437,"column":25}},"183":{"start":{"line":438,"column":4},"end":{"line":446,"column":5}},"184":{"start":{"line":439,"column":6},"end":{"line":445,"column":7}},"185":{"start":{"line":440,"column":8},"end":{"line":444,"column":9}},"186":{"start":{"line":443,"column":11},"end":{"line":443,"column":23}},"187":{"start":{"line":447,"column":4},"end":{"line":447,"column":17}},"188":{"start":{"line":450,"column":2},"end":{"line":461,"column":3}},"189":{"start":{"line":451,"column":4},"end":{"line":451,"column":25}},"190":{"start":{"line":452,"column":4},"end":{"line":458,"column":5}},"191":{"start":{"line":453,"column":6},"end":{"line":457,"column":7}},"192":{"start":{"line":454,"column":8},"end":{"line":456,"column":9}},"193":{"start":{"line":455,"column":10},"end":{"line":455,"column":22}},"194":{"start":{"line":460,"column":4},"end":{"line":460,"column":17}}},"branchMap":{"1":{"line":32,"type":"if","locations":[{"start":{"line":32,"column":4},"end":{"line":32,"column":4}},{"start":{"line":32,"column":4},"end":{"line":32,"column":4}}]},"2":{"line":135,"type":"binary-expr","locations":[{"start":{"line":135,"column":15},"end":{"line":135,"column":41}},{"start":{"line":135,"column":45},"end":{"line":135,"column":55}}]},"3":{"line":159,"type":"if","locations":[{"start":{"line":159,"column":6},"end":{"line":159,"column":6}},{"start":{"line":159,"column":6},"end":{"line":159,"column":6}}]},"4":{"line":161,"type":"if","locations":[{"start":{"line":161,"column":6},"end":{"line":161,"column":6}},{"start":{"line":161,"column":6},"end":{"line":161,"column":6}}]},"5":{"line":166,"type":"if","locations":[{"start":{"line":166,"column":8},"end":{"line":166,"column":8}},{"start":{"line":166,"column":8},"end":{"line":166,"column":8}}]},"6":{"line":180,"type":"if","locations":[{"start":{"line":180,"column":4},"end":{"line":180,"column":4}},{"start":{"line":180,"column":4},"end":{"line":180,"column":4}}]},"7":{"line":183,"type":"if","locations":[{"start":{"line":183,"column":8},"end":{"line":183,"column":8}},{"start":{"line":183,"column":8},"end":{"line":183,"column":8}}]},"8":{"line":191,"type":"if","locations":[{"start":{"line":191,"column":4},"end":{"line":191,"column":4}},{"start":{"line":191,"column":4},"end":{"line":191,"column":4}}]},"9":{"line":194,"type":"if","locations":[{"start":{"line":194,"column":8},"end":{"line":194,"column":8}},{"start":{"line":194,"column":8},"end":{"line":194,"column":8}}]},"10":{"line":199,"type":"if","locations":[{"start":{"line":199,"column":12},"end":{"line":199,"column":12}},{"start":{"line":199,"column":12},"end":{"line":199,"column":12}}]},"11":{"line":200,"type":"if","locations":[{"start":{"line":200,"column":14},"end":{"line":200,"column":14}},{"start":{"line":200,"column":14},"end":{"line":200,"column":14}}]},"12":{"line":211,"type":"if","locations":[{"start":{"line":211,"column":4},"end":{"line":211,"column":4}},{"start":{"line":211,"column":4},"end":{"line":211,"column":4}}]},"13":{"line":216,"type":"if","locations":[{"start":{"line":216,"column":4},"end":{"line":216,"column":4}},{"start":{"line":216,"column":4},"end":{"line":216,"column":4}}]},"14":{"line":224,"type":"if","locations":[{"start":{"line":224,"column":6},"end":{"line":224,"column":6}},{"start":{"line":224,"column":6},"end":{"line":224,"column":6}}]},"15":{"line":224,"type":"binary-expr","locations":[{"start":{"line":224,"column":10},"end":{"line":224,"column":47}},{"start":{"line":224,"column":51},"end":{"line":224,"column":76}}]},"16":{"line":230,"type":"if","locations":[{"start":{"line":230,"column":11},"end":{"line":230,"column":11}},{"start":{"line":230,"column":11},"end":{"line":230,"column":11}}]},"17":{"line":230,"type":"binary-expr","locations":[{"start":{"line":230,"column":15},"end":{"line":230,"column":61}},{"start":{"line":230,"column":65},"end":{"line":230,"column":90}}]},"18":{"line":246,"type":"if","locations":[{"start":{"line":246,"column":6},"end":{"line":246,"column":6}},{"start":{"line":246,"column":6},"end":{"line":246,"column":6}}]},"19":{"line":246,"type":"binary-expr","locations":[{"start":{"line":246,"column":10},"end":{"line":246,"column":36}},{"start":{"line":246,"column":40},"end":{"line":246,"column":68}}]},"20":{"line":251,"type":"if","locations":[{"start":{"line":251,"column":4},"end":{"line":251,"column":4}},{"start":{"line":251,"column":4},"end":{"line":251,"column":4}}]},"21":{"line":252,"type":"if","locations":[{"start":{"line":252,"column":6},"end":{"line":252,"column":6}},{"start":{"line":252,"column":6},"end":{"line":252,"column":6}}]},"22":{"line":252,"type":"binary-expr","locations":[{"start":{"line":252,"column":10},"end":{"line":252,"column":25}},{"start":{"line":252,"column":29},"end":{"line":252,"column":50}}]},"23":{"line":259,"type":"if","locations":[{"start":{"line":259,"column":4},"end":{"line":259,"column":4}},{"start":{"line":259,"column":4},"end":{"line":259,"column":4}}]},"24":{"line":260,"type":"if","locations":[{"start":{"line":260,"column":6},"end":{"line":260,"column":6}},{"start":{"line":260,"column":6},"end":{"line":260,"column":6}}]},"25":{"line":260,"type":"binary-expr","locations":[{"start":{"line":260,"column":11},"end":{"line":260,"column":36}},{"start":{"line":260,"column":40},"end":{"line":260,"column":64}},{"start":{"line":260,"column":69},"end":{"line":260,"column":84}}]},"26":{"line":265,"type":"if","locations":[{"start":{"line":265,"column":6},"end":{"line":265,"column":6}},{"start":{"line":265,"column":6},"end":{"line":265,"column":6}}]},"27":{"line":266,"type":"if","locations":[{"start":{"line":266,"column":8},"end":{"line":266,"column":8}},{"start":{"line":266,"column":8},"end":{"line":266,"column":8}}]},"28":{"line":266,"type":"binary-expr","locations":[{"start":{"line":266,"column":12},"end":{"line":266,"column":28}},{"start":{"line":266,"column":32},"end":{"line":266,"column":45}},{"start":{"line":266,"column":49},"end":{"line":266,"column":60}}]},"29":{"line":271,"type":"if","locations":[{"start":{"line":271,"column":8},"end":{"line":271,"column":8}},{"start":{"line":271,"column":8},"end":{"line":271,"column":8}}]},"30":{"line":271,"type":"binary-expr","locations":[{"start":{"line":271,"column":12},"end":{"line":271,"column":29}},{"start":{"line":271,"column":33},"end":{"line":271,"column":46}},{"start":{"line":271,"column":50},"end":{"line":271,"column":61}}]},"31":{"line":278,"type":"if","locations":[{"start":{"line":278,"column":4},"end":{"line":278,"column":4}},{"start":{"line":278,"column":4},"end":{"line":278,"column":4}}]},"32":{"line":278,"type":"binary-expr","locations":[{"start":{"line":278,"column":8},"end":{"line":278,"column":21}},{"start":{"line":278,"column":25},"end":{"line":278,"column":48}}]},"33":{"line":281,"type":"if","locations":[{"start":{"line":281,"column":6},"end":{"line":281,"column":6}},{"start":{"line":281,"column":6},"end":{"line":281,"column":6}}]},"34":{"line":282,"type":"if","locations":[{"start":{"line":282,"column":6},"end":{"line":282,"column":6}},{"start":{"line":282,"column":6},"end":{"line":282,"column":6}}]},"35":{"line":283,"type":"if","locations":[{"start":{"line":283,"column":6},"end":{"line":283,"column":6}},{"start":{"line":283,"column":6},"end":{"line":283,"column":6}}]},"36":{"line":284,"type":"if","locations":[{"start":{"line":284,"column":8},"end":{"line":284,"column":8}},{"start":{"line":284,"column":8},"end":{"line":284,"column":8}}]},"37":{"line":289,"type":"if","locations":[{"start":{"line":289,"column":8},"end":{"line":289,"column":8}},{"start":{"line":289,"column":8},"end":{"line":289,"column":8}}]},"38":{"line":295,"type":"if","locations":[{"start":{"line":295,"column":4},"end":{"line":295,"column":4}},{"start":{"line":295,"column":4},"end":{"line":295,"column":4}}]},"39":{"line":295,"type":"binary-expr","locations":[{"start":{"line":295,"column":8},"end":{"line":295,"column":22}},{"start":{"line":295,"column":26},"end":{"line":295,"column":62}}]},"40":{"line":300,"type":"if","locations":[{"start":{"line":300,"column":4},"end":{"line":300,"column":4}},{"start":{"line":300,"column":4},"end":{"line":300,"column":4}}]},"41":{"line":300,"type":"binary-expr","locations":[{"start":{"line":300,"column":8},"end":{"line":300,"column":47}},{"start":{"line":301,"column":8},"end":{"line":301,"column":49}}]},"42":{"line":305,"type":"if","locations":[{"start":{"line":305,"column":4},"end":{"line":305,"column":4}},{"start":{"line":305,"column":4},"end":{"line":305,"column":4}}]},"43":{"line":307,"type":"if","locations":[{"start":{"line":307,"column":8},"end":{"line":307,"column":8}},{"start":{"line":307,"column":8},"end":{"line":307,"column":8}}]},"44":{"line":313,"type":"if","locations":[{"start":{"line":313,"column":4},"end":{"line":313,"column":4}},{"start":{"line":313,"column":4},"end":{"line":313,"column":4}}]},"45":{"line":318,"type":"if","locations":[{"start":{"line":318,"column":6},"end":{"line":318,"column":6}},{"start":{"line":318,"column":6},"end":{"line":318,"column":6}}]},"46":{"line":322,"type":"switch","locations":[{"start":{"line":323,"column":8},"end":{"line":333,"column":16}},{"start":{"line":334,"column":8},"end":{"line":334,"column":23}},{"start":{"line":335,"column":8},"end":{"line":345,"column":16}},{"start":{"line":346,"column":8},"end":{"line":378,"column":16}},{"start":{"line":379,"column":8},"end":{"line":390,"column":16}}]},"47":{"line":322,"type":"binary-expr","locations":[{"start":{"line":322,"column":14},"end":{"line":322,"column":18}},{"start":{"line":322,"column":23},"end":{"line":322,"column":62}}]},"48":{"line":322,"type":"cond-expr","locations":[{"start":{"line":322,"column":40},"end":{"line":322,"column":47}},{"start":{"line":322,"column":50},"end":{"line":322,"column":62}}]},"49":{"line":324,"type":"cond-expr","locations":[{"start":{"line":324,"column":77},"end":{"line":324,"column":78}},{"start":{"line":324,"column":81},"end":{"line":324,"column":89}}]},"50":{"line":328,"type":"cond-expr","locations":[{"start":{"line":329,"column":16},"end":{"line":329,"column":33}},{"start":{"line":330,"column":16},"end":{"line":330,"column":17}}]},"51":{"line":342,"type":"cond-expr","locations":[{"start":{"line":342,"column":42},"end":{"line":342,"column":66}},{"start":{"line":342,"column":69},"end":{"line":342,"column":70}}]},"52":{"line":354,"type":"cond-expr","locations":[{"start":{"line":354,"column":30},"end":{"line":354,"column":44}},{"start":{"line":354,"column":47},"end":{"line":354,"column":49}}]},"53":{"line":356,"type":"cond-expr","locations":[{"start":{"line":356,"column":34},"end":{"line":356,"column":80}},{"start":{"line":356,"column":83},"end":{"line":356,"column":85}}]},"54":{"line":366,"type":"if","locations":[{"start":{"line":366,"column":12},"end":{"line":366,"column":12}},{"start":{"line":366,"column":12},"end":{"line":366,"column":12}}]},"55":{"line":372,"type":"if","locations":[{"start":{"line":
[...]
sed by setting the {@link #validate.options.???}","  // option to <code>???</code>.[/TODO]","  //","  // If <code>schema</code> is not specified, and <code>object</code>","  // is not self-describing, validation always passes.","  //","  // <strong>Note:</strong> in order to pass options but no schema,","  // <code>schema</code> <em>must</em> be specified in the call to","  // <code>validate()</code>; otherwise, <code>options</code> will","  // be interpreted as the schema. <code>schema</code> may be passed","  // as <code>null</code>, <code>undefinded</code>, or the empty object","  // (<code>{}</code>) in this case.","  //","  function validate(object, schema, options) {","    options = mixin({}, validate.defaults, options);","    var errors = [];","","    if (schema.type === 'array')","      validateProperty(object, object, '', schema, options, errors);","    else","      validateObject(object, schema, options, errors);","","    //","    // TODO: self-described validation","    // if (! options.selfDescribing) { ... }","    //","","    return {","      valid: !(errors.length),","      errors: errors","    };","  };","","  /**","   * Default validation options. Defaults can be overridden by","   * passing an 'options' hash to {@link #validate}. They can","   * also be set globally be changing the values in","   * <code>validate.defaults</code> directly.","   */","  validate.defaults = {","      /**","       * <p>","       * Enforce 'format' constraints.","       * </p><p>","       * <em>Default: <code>true</code></em>","       * </p>","       */","      validateFormats: true,","      /**","       * <p>","       * When {@link #validateFormats} is <code>true</code>,","       * treat unrecognized formats as validation errors.","       * </p><p>","       * <em>Default: <code>false</code></em>","       * </p>","       *","       * @see validation.formats for default supported formats.","       */","      validateFormatsStrict: false,","      /**","       * <p>","       * When {@link #validateFormats} is <code>true</code>,","       * also validate formats defined in {@link #validate.formatExtensions}.","       * </p><p>","       * <em>Default: <code>true</code></em>","       * </p>","       */","      validateFormatExtensions: true,","      /**","       * <p>","       * When {@link #additionalProperties} is <code>true</code>,","       * allow additional unvisited properties on the object.","       * </p><p>","       * <em>Default: <code>true</code></em>","       * </p>","       */","      additionalProperties: true","  };","","  /**","   * Default messages to include with validation errors.","   */","  validate.messages = {","      required:             \"is required\",","      allowEmpty:           \"must not be empty\",","      minLength:            \"is too short (minimum is %{expected} characters)\",","      maxLength:            \"is too long (maximum is %{expected} characters)\",","      pattern:              \"invalid input\",","      minimum:              \"must be greater than or equal to %{expected}\",","      maximum:              \"must be less than or equal to %{expected}\",","      exclusiveMinimum:     \"must be greater than %{expected}\",","      exclusiveMaximum:     \"must be less than %{expected}\",","      divisibleBy:          \"must be divisible by %{expected}\",","      minItems:             \"must contain more than %{expected} items\",","      maxItems:             \"must contain less than %{expected} items\",","      uniqueItems:          \"must hold a unique set of values\",","      format:               \"is not a valid %{expected}\",","      conform:              \"must conform to given constraint\",","      type:                 \"must be of %{expected} type\",","      additionalProperties: \"must not exist\"","  };","  validate.messages['enum'] = \"must be present in given enumerator\";","","  /**","   *","   */","  validate.formats = {","    'email':          /^((([a-z]|\\d|[!#\\$%&'\\*\\+\\-\\/=\\?\\^_`{\\|}~]|[\\u00A0-\\uD7FF\\uF900-\\uFDCF\\uFDF0-\\uFFEF])+(\\.([a-z]|\\d|[!#\\$%&'\\*\\+\\-\\/=\\?\\^_`{\\|}~]|[\\u00A0-\\uD7FF\\uF900-\\uFDCF\\uFDF0-\\uFFEF])+)*)|((\\x22)((((\\x20|\\x09)*(\\x0d\\x0a))?(\\x20|\\x09)+)?(([\\x01-\\x08\\x0b\\x0c\\x0e-\\x1f\\x7f]|\\x21|[\\x23-\\x5b]|[\\x5d-\\x7e]|[\\u00A0-\\uD7FF\\uF900-\\uFDCF\\uFDF0-\\uFFEF])|(\\\\([\\x01-\\x09\\x0b\\x0c\\x0d-\\x7f]|[\\u00A0-\\uD7FF\\uF900-\\uFDCF\\uFDF0-\\uFFEF]))))*(((\\x20|\\x09)*(\\x0d\\x0a))?(\\x20|\\x09)+)?(\\x22)))@((([a-z]|\\d|[\\u00A0-\\uD7FF\\uF900-\\uFDCF\\uFDF0-\\uFFEF])|(([a-z]|\\d|[\\u00A0-\\uD7FF\\uF900-\\uFDCF\\uFDF0-\\uFFEF])([a-z]|\\d|-|\\.|_|~|[\\u00A0-\\uD7FF\\uF900-\\uFDCF\\uFDF0-\\uFFEF])*([a-z]|\\d|[\\u00A0-\\uD7FF\\uF900-\\uFDCF\\uFDF0-\\uFFEF])))\\.)+(([a-z]|[\\u00A0-\\uD7FF\\uF900-\\uFDCF\\uFDF0-\\uFFEF])|(([a-z]|[\\u00A0-\\uD7FF\\uF900-\\uFDCF\\uFDF0-\\uFFEF])([a-z]|\\d|-|\\.|_|~|[\\u00A0-\\uD7FF\\uF900-\\uFDCF\\uFDF0-\\uFFEF])*([a-z]|[\\u00A0-\\uD7FF\\uF900-\\uFDCF\\uFDF0-\\uFFEF])))\\.?$/i,","    'ip-address':     /^(25[0-5]|2[0-4][0-9]|[01]?[0-9][0-9]?)\\.(25[0-5]|2[0-4][0-9]|[01]?[0-9][0-9]?)\\.(25[0-5]|2[0-4][0-9]|[01]?[0-9][0-9]?)\\.(25[0-5]|2[0-4][0-9]|[01]?[0-9][0-9]?)$/i,","    'ipv6':           /^([0-9A-Fa-f]{1,4}:){7}[0-9A-Fa-f]{1,4}$/,","    'date-time':      /^\\d{4}-\\d{2}-\\d{2}T\\d{2}:\\d{2}:\\d{2}(?:.\\d{1,3})?Z$/,","    'date':           /^\\d{4}-\\d{2}-\\d{2}$/,","    'time':           /^\\d{2}:\\d{2}:\\d{2}$/,","    'color':          /^#[a-z0-9]{6}|#[a-z0-9]{3}|(?:rgb\\(\\s*(?:[+-]?\\d+%?)\\s*,\\s*(?:[+-]?\\d+%?)\\s*,\\s*(?:[+-]?\\d+%?)\\s*\\))aqua|black|blue|fuchsia|gray|green|lime|maroon|navy|olive|orange|purple|red|silver|teal|white|yellow$/i,","    //'style':        (not supported)","    //'phone':        (not supported)","    //'uri':          (not supported)","    'host-name':      /^(([a-zA-Z]|[a-zA-Z][a-zA-Z0-9\\-]*[a-zA-Z0-9])\\.)*([A-Za-z]|[A-Za-z][A-Za-z0-9\\-]*[A-Za-z0-9])/,","    'utc-millisec':   {","      test: function (value) {","        return typeof(value) === 'number' && value >= 0;","      }","    },","    'regex':          {","      test: function (value) {","        try { new RegExp(value) }","        catch (e) { return false }","","        return true;","      }","    }","  };","","  /**","   *","   */","  validate.formatExtensions = {","    'url': /^(https?|ftp|git):\\/\\/(((([a-z]|\\d|-|\\.|_|~|[\\u00A0-\\uD7FF\\uF900-\\uFDCF\\uFDF0-\\uFFEF])|(%[\\da-f]{2})|[!\\$&'\\(\\)\\*\\+,;=]|:)*@)?(((\\d|[1-9]\\d|1\\d\\d|2[0-4]\\d|25[0-5])\\.(\\d|[1-9]\\d|1\\d\\d|2[0-4]\\d|25[0-5])\\.(\\d|[1-9]\\d|1\\d\\d|2[0-4]\\d|25[0-5])\\.(\\d|[1-9]\\d|1\\d\\d|2[0-4]\\d|25[0-5]))|((([a-z]|\\d|[\\u00A0-\\uD7FF\\uF900-\\uFDCF\\uFDF0-\\uFFEF])|(([a-z]|\\d|[\\u00A0-\\uD7FF\\uF900-\\uFDCF\\uFDF0-\\uFFEF])([a-z]|\\d|-|\\.|_|~|[\\u00A0-\\uD7FF\\uF900-\\uFDCF\\uFDF0-\\uFFEF])*([a-z]|\\d|[\\u00A0-\\uD7FF\\uF900-\\uFDCF\\uFDF0-\\uFFEF])))\\.)+(([a-z]|[\\u00A0-\\uD7FF\\uF900-\\uFDCF\\uFDF0-\\uFFEF])|(([a-z]|[\\u00A0-\\uD7FF\\uF900-\\uFDCF\\uFDF0-\\uFFEF])([a-z]|\\d|-|\\.|_|~|[\\u00A0-\\uD7FF\\uF900-\\uFDCF\\uFDF0-\\uFFEF])*([a-z]|[\\u00A0-\\uD7FF\\uF900-\\uFDCF\\uFDF0-\\uFFEF])))\\.?)(:\\d*)?)(\\/((([a-z]|\\d|-|\\.|_|~|[\\u00A0-\\uD7FF\\uF900-\\uFDCF\\uFDF0-\\uFFEF])|(%[\\da-f]{2})|[!\\$&'\\(\\)\\*\\+,;=]|:|@)+(\\/(([a-z]|\\d|-|\\.|_|~|[\\u00A0-\\uD7FF\\uF900-\\uFDCF\\uFDF0-\\uFFEF])|(%[\\da-f]{2})|[!\\$&'\\(\\)\\*\\+,;=]|:|@)*)*)?)?(\\?((([a-z]|\\d|-|\\.|_|~|[\\u00A0-\\uD7FF\\uF900-\\uFDCF\\uFDF0-\\uFFEF])|(%[\\da-f]{2})|[!\\$&'\\(\\)\\*\\+,;=]|:|@)|[\\uE000-\\uF8FF]|\\/|\\?)*)?(\\#((([a-z]|\\d|-|\\.|_|~|[\\u00A0-\\uD7FF\\uF900-\\uFDCF\\uFDF0-\\uFFEF])|(%[\\da-f]{2})|[!\\$&'\\(\\)\\*\\+,;=]|:|@)|\\/|\\?)*)?$/i","  };","","  function mixin(obj) {","    var sources = Array.prototype.slice.call(arguments, 1);","    while (sources.length) {","      var source = sources.shift();","      if (!source) { continue }","","      if (typeof(source) !== 'object') {","        throw new TypeError('mixin non-object');","      }","","      for (var p in source) {","        if (source.hasOwnProperty(p)) {","          obj[p] = source[p];","        }","      }","    }","","    return obj;","  };","","  function validateObject(object, schema, options, errors) {","    var props, allProps = Object.keys(object),","        visitedProps = [];","","    // see 5.2","    if (schema.properties) {","      props = schema.properties;","      for (var p in props) {","        if (props.hasOwnProperty(p)) {","          visitedProps.push(p);","          validateProperty(object, object[p], p, props[p], options, errors);","        }","      }","    }","","    // see 5.3","    if (schema.patternProperties) {","      props = schema.patternProperties;","      for (var p in props) {","        if (props.hasOwnProperty(p)) {","          var re = new RegExp(p);","","          // Find all object properties that are matching `re`","          for (var k in object) {","            if (object.hasOwnProperty(k)) {","              if (re.exec(k) !== null) {","                validateProperty(object, object[k], k, props[p], options, errors);","                visitedProps.push(k);","              }","            }","          }","        }","      }","    }","","    //if additionalProperties is not defined set default value","    if (schema.additionalProperties === undefined) {","      schema.additionalProperties = options.additionalProperties;","    }","","    // see 5.4","    if (undefined !== schema.additionalProperties) {","      var i, l;","","      var unvisitedProps = allProps.filter(function(k){","        return -1 === visitedProps.indexOf(k);","      });","","      // Prevent additional properties; each unvisited property is therefore an error","      if (schema.additionalProperties === false && unvisitedProps.length > 0) {","        for (i = 0, l = unvisitedProps.length; i < l; i++) {","          error(\"additionalProperties\", unvisitedProps[i], object[unvisitedProps[i]], false, errors);","        }","      }","      // additionalProperties is a schema and validate unvisited properties against that schema","      else if (typeof schema.additionalProperties == \"object\" && unvisitedProps.length > 0) {","        for (i = 0, l = unvisitedProps.length; i < l; i++) {","          validateProperty(object, object[unvisitedProps[i]], unvisitedProps[i], schema.unvisitedProperties, options, errors);","        }","      }","    }","","  };","","  function validateProperty(object, value, property, schema, options, errors) {","    var format,","        valid,","        spec,","        type;","","    function constrain(name, value, assert) {","      if (schema[name] !== undefined && !assert(value, schema[name])) {","        error(name, property, value, schema, errors);","      }","    }","","    if (value === undefined) {","      if (schema.required && schema.type !== 'any') {","        return error('required', property, undefined, schema, errors);","      } else {","        return;","      }","    }","","    if (options.cast) {","      if (('integer' === schema.type || 'number' === schema.type) && value == +value) {","        value = +value;","        object[property] = value;","      }","","      if ('boolean' === schema.type) {","        if ('true' === value || '1' === value || 1 === value) {","          value = true;","          object[property] = value;","        }","","        if ('false' === value || '0' === value || 0 === value) {","          value = false;","          object[property] = value;","        }","      }","    }","","    if (schema.format && options.validateFormats) {","      format = schema.format;","","      if (options.validateFormatExtensions) { spec = validate.formatExtensions[format] }","      if (!spec) { spec = validate.formats[format] }","      if (!spec) {","        if (options.validateFormatsStrict) {","          return error('format', property, value, schema, errors);","        }","      }","      else {","        if (!spec.test(value)) {","          return error('format', property, value, schema, errors);","        }","      }","    }","","    if (schema['enum'] && schema['enum'].indexOf(value) === -1) {","      error('enum', property, value, schema, errors);","    }","","    // Dependencies (see 5.8)","    if (typeof schema.dependencies === 'string' &&","        object[schema.dependencies] === undefined) {","      error('dependencies', property, null, schema, errors);","    }","","    if (isArray(schema.dependencies)) {","      for (var i = 0, l = schema.dependencies.length; i < l; i++) {","        if (object[schema.dependencies[i]] === undefined) {","          error('dependencies', property, null, schema, errors);","        }","      }","    }","","    if (typeof schema.dependencies === 'object') {","      validateObject(object, schema.dependencies, options, errors);","    }","","    checkType(value, schema.type, function(err, type) {","      if (err) return error('type', property, typeof value, schema, errors);","","      constrain('conform', value, function (a, e) { return e(a, object) });","","      switch (type || (isArray(value) ? 'array' : typeof value)) {","        case 'string':","          constrain('allowEmpty', value,        function (a, e) { return e ? e : a !== '' });","          constrain('minLength',  value.length, function (a, e) { return a >= e });","          constrain('maxLength',  value.length, function (a, e) { return a <= e });","          constrain('pattern',    value,        function (a, e) {","            e = typeof e === 'string'","              ? e = new RegExp(e)","              : e;","            return e.test(a)","          });","          break;","        case 'integer':","        case 'number':","          constrain('minimum',     value, function (a, e) { return a >= e });","          constrain('maximum',     value, function (a, e) { return a <= e });","          constrain('exclusiveMinimum', value, function (a, e) { return a > e });","          constrain('exclusiveMaximum', value, function (a, e) { return a < e });","          constrain('divisibleBy', value, function (a, e) {","            var multiplier = Math.max((a - Math.floor(a)).toString().length - 2, (e - Math.floor(e)).toString().length - 2);","            multiplier = multiplier > 0 ? Math.pow(10, multiplier) : 1;","            return (a * multiplier) % (e * multiplier) === 0","          });","          break;","        case 'array':","          constrain('items', value, function (a, e) {","            var nestedErrors;","            for (var i = 0, l = a.length; i < l; i++) {","              nestedErrors = [];","              validateProperty(object, a[i], property, e, options, nestedErrors);","              nestedErrors.forEach(function (err) {","                err.property =","                  (property ? property + '.' : '') +","                  i +","                  (err.property ? '.' + err.property.replace(property + '.', '') : '');","              });","              nestedErrors.unshift(0, 0);","              Array.prototype.splice.apply(errors, nestedErrors);","            }","            return true;","          });","          constrain('minItems', value, function (a, e) { return a.length >= e });","          constrain('maxItems', value, function (a, e) { return a.length <= e });","          constrain('uniqueItems', value, function (a, e) {","            if (!e) return true;","","            var h = {};","","            for (var i = 0, l = a.length; i < l; i++) {","              var key = JSON.stringify(a[i]);","              if (h[key]) return false;","              h[key] = true;","            }","","            return true;","          });","          break;","        case 'object':","          // Recursive validation","          if (schema.properties || schema.patternProperties || schema.additionalProperties) {","            var nestedErrors = [];","            validateObject(value, schema, options, nestedErrors);","            nestedErrors.forEach(function (e) {","              e.property = property + '.' + e.property","            });","            nestedErrors.unshift(0, 0);","            Array.prototype.splice.apply(errors, nestedErrors);","          }","          break;","      }","    });","  };","","  function checkType(val, type, callback) {","    var result = false,","        types = isArray(type) ? type : [type];","","    // No type - no check","    if (type === undefined) return callback(null, type);","","    // Go through available types","    // And fine first matching","    for (var i = 0, l = types.length; i < l; i++) {","      type = types[i].toLowerCase().trim();","      if (type === 'string' ? typeof val === 'string' :","          type === 'array' ? isArray(val) :","          type === 'object' ? val && typeof val === 'object' &&","                             !isArray(val) :","          type === 'number' ? typeof val === 'number' :","          type === 'integer' ? typeof val === 'number' && Math.floor(val) === val :","          type === 'null' ? val === null :","          type === 'boolean'? typeof val === 'boolean' :","          type === 'date' ? isDate(val) :","          type === 'any' ? typeof val !== 'undefined' : false) {","        return callback(null, type);","      }","    };","","    callback(true);","  };","","  function error(attribute, property, actual, schema, errors) {","    var lookup = { expected: schema[attribute], actual: actual, attribute: attribute, property: property };","    var message = schema.messages && schema.messages[attribute] || schema.message || validate.messages[attribute] || \"no default message\";","    message = message.replace(/%\\{([a-z]+)\\}/ig, function (_, match) { return lookup[match.toLowerCase()] || ''; });","    errors.push({","      attribute: attribute,","      property:  property,","      expected:  schema[attribute],","      actual:    actual,","      message:   message","    });","  };","","  function isArray(value) {","    var s = typeof value;","    if (s === 'object') {","      if (value) {","        if (typeof value.length === 'number' &&","           !(value.propertyIsEnumerable('length')) &&","           typeof value.splice === 'function') {","           return true;","        }","      }","    }","    return false;","  }","","  function isDate(value) {","    var s = typeof value;","    if (s === 'object') {","      if (value) {","        if (typeof value.getTime === 'function') {","          return true;","        }","      }","    }","","    return false;","  }","","})(typeof module === 'object' && module && module.exports ? module.exports : window);",""],"l":{"1":1,"2":1,"3":1,"28":1,"29":0,"30":0,"32":0,"33":0,"35":0,"42":0,"54":1,"97":1,"116":1,"121":1,"135":0,"140":0,"141":0,"143":0,"151":1,"155":1,"156":0,"157":0,"158":0,"159":0,"161":0,"162":0,"165":0,"166":0,"167":0,"172":0,"175":1,"176":0,"180":0,"181":0,"182":0,"183":0,"184":0,"185":0,"191":0,"192":0,"193":0,"194":0,"195":0,"198":0,"199":0,"200":0,"201":0,"202":0,"211":0,"212":0,"216":0,"217":0,"219":0,"220":0,"224":0,"225":0,"226":0,"230":0,"231":0,"232":0,"239":1,"240":0,"245":1,"246":0,"247":0,"251":0,"252":0,"253":0,"255":0,"259":0,"260":0,"261":0,"262":0,"265":0,"266":0,"267":0,"268":0,"271":0,"272":0,"273":0,"278":0,"279":0,"281":0,"282":0,"283":0,"284":0,"285":0,"289":0,"290":0,"295":0,"296":0,"300":0,"302":0,"305":0,"306":0,"307":0,"308":0,"313":0,"314":0,"317":0,"318":0,"320":0,"322":0,"324":0,"325":0,"326":0,"327":0,"328":0,"331":0,"333":0,"336":0,"337":0,"338":0,"339":0,"340":0,"341":0,"342":0,"343":0,"345":0,"347":0,"348":0,"349":0,"350":0,"351":0,"352":0,"353":0,"358":0,"359":0,"361":0,"363":0,"364":0,"365":0,"366":0,"368":0,"370":0,"371":0,"372":0,"373":0,"376":0,"378":0,"381":0,"382":0,"383":0,"384":0,"385":0,"387":0,"388":0,"390":0,"395":1,"396":0,"400":0,"404":0,"405":0,"406":0,"416":0,"420":0,"423":1,"424":0,"425":0,"426":0,"427":0,"436":1,"437":0,"438":0,"439":0,"440":0,"443":0,"447":0,"450":1,"451":0,"452":0,"453":0,"454":0,"455":0,"460":0}}}